{"/vercel/sandbox/primary/src/App.jsx": {"path":"/vercel/sandbox/primary/src/App.jsx","statementMap":{"0":{"start":{"line":14,"column":21},"end":{"line":14,"column":40}},"1":{"start":{"line":16,"column":24},"end":{"line":16,"column":54}},"2":{"start":{"line":16,"column":30},"end":{"line":16,"column":54}},"3":{"start":{"line":19,"column":31},"end":{"line":19,"column":44}},"4":{"start":{"line":20,"column":18},"end":{"line":20,"column":28}},"5":{"start":{"line":22,"column":4},"end":{"line":38,"column":32}},"6":{"start":{"line":23,"column":8},"end":{"line":37,"column":9}},"7":{"start":{"line":25,"column":12},"end":{"line":33,"column":13}},"8":{"start":{"line":26,"column":32},"end":{"line":26,"column":78}},"9":{"start":{"line":27,"column":16},"end":{"line":29,"column":17}},"10":{"start":{"line":28,"column":20},"end":{"line":28,"column":59}},"11":{"start":{"line":32,"column":17},"end":{"line":32,"column":56}},"12":{"start":{"line":36,"column":12},"end":{"line":36,"column":45}},"13":{"start":{"line":36,"column":23},"end":{"line":36,"column":45}},"14":{"start":{"line":40,"column":4},"end":{"line":40,"column":16}},"15":{"start":{"line":44,"column":30},"end":{"line":44,"column":44}},"16":{"start":{"line":46,"column":4},"end":{"line":70,"column":11}},"17":{"start":{"line":47,"column":25},"end":{"line":56,"column":10}},"18":{"start":{"line":49,"column":27},"end":{"line":49,"column":68}},"19":{"start":{"line":58,"column":8},"end":{"line":58,"column":27}},"20":{"start":{"line":61,"column":12},"end":{"line":61,"column":31}},"21":{"start":{"line":62,"column":12},"end":{"line":62,"column":39}},"22":{"start":{"line":65,"column":8},"end":{"line":65,"column":35}},"23":{"start":{"line":67,"column":8},"end":{"line":69,"column":10}},"24":{"start":{"line":68,"column":12},"end":{"line":68,"column":31}},"25":{"start":{"line":72,"column":4},"end":{"line":85,"column":6}},"26":{"start":{"line":88,"column":2},"end":{"line":93,"column":4}}},"fnMap":{"0":{"name":"(anonymous_0)","decl":{"start":{"line":16,"column":24},"end":{"line":16,"column":25}},"loc":{"start":{"line":16,"column":30},"end":{"line":16,"column":54}},"line":16},"1":{"name":"ScrollToHashElement","decl":{"start":{"line":18,"column":9},"end":{"line":18,"column":28}},"loc":{"start":{"line":18,"column":31},"end":{"line":41,"column":1}},"line":18},"2":{"name":"(anonymous_2)","decl":{"start":{"line":22,"column":14},"end":{"line":22,"column":15}},"loc":{"start":{"line":22,"column":20},"end":{"line":38,"column":5}},"line":22},"3":{"name":"AppContent","decl":{"start":{"line":43,"column":9},"end":{"line":43,"column":19}},"loc":{"start":{"line":43,"column":22},"end":{"line":86,"column":1}},"line":43},"4":{"name":"(anonymous_4)","decl":{"start":{"line":46,"column":14},"end":{"line":46,"column":15}},"loc":{"start":{"line":46,"column":20},"end":{"line":70,"column":5}},"line":46},"5":{"name":"(anonymous_5)","decl":{"start":{"line":49,"column":20},"end":{"line":49,"column":21}},"loc":{"start":{"line":49,"column":27},"end":{"line":49,"column":68}},"line":49},"6":{"name":"raf","decl":{"start":{"line":60,"column":17},"end":{"line":60,"column":20}},"loc":{"start":{"line":60,"column":27},"end":{"line":63,"column":9}},"line":60},"7":{"name":"(anonymous_7)","decl":{"start":{"line":67,"column":15},"end":{"line":67,"column":16}},"loc":{"start":{"line":67,"column":21},"end":{"line":69,"column":9}},"line":67},"8":{"name":"App","decl":{"start":{"line":87,"column":9},"end":{"line":87,"column":12}},"loc":{"start":{"line":87,"column":15},"end":{"line":94,"column":1}},"line":87}},"branchMap":{"0":{"loc":{"start":{"line":23,"column":8},"end":{"line":37,"column":9}},"type":"if","locations":[{"start":{"line":23,"column":8},"end":{"line":37,"column":9}},{"start":{"line":34,"column":15},"end":{"line":37,"column":9}}],"line":23},"1":{"loc":{"start":{"line":25,"column":12},"end":{"line":33,"column":13}},"type":"if","locations":[{"start":{"line":25,"column":12},"end":{"line":33,"column":13}},{"start":{"line":30,"column":19},"end":{"line":33,"column":13}}],"line":25},"2":{"loc":{"start":{"line":27,"column":16},"end":{"line":29,"column":17}},"type":"if","locations":[{"start":{"line":27,"column":16},"end":{"line":29,"column":17}},{"start":{},"end":{}}],"line":27},"3":{"loc":{"start":{"line":36,"column":12},"end":{"line":36,"column":45}},"type":"if","locations":[{"start":{"line":36,"column":12},"end":{"line":36,"column":45}},{"start":{},"end":{}}],"line":36}},"s":{"0":1,"1":1,"2":2,"3":2,"4":2,"5":2,"6":0,"7":0,"8":0,"9":0,"10":0,"11":0,"12":0,"13":0,"14":2,"15":3,"16":2,"17":0,"18":0,"19":0,"20":0,"21":0,"22":0,"23":0,"24":0,"25":2,"26":3},"f":{"0":2,"1":2,"2":0,"3":3,"4":0,"5":0,"6":0,"7":0,"8":3},"b":{"0":[0,0],"1":[0,0],"2":[0,0],"3":[0,0]},"_coverageSchema":"1a1c01bbd47fc00a2c39e90264f33305004495a9","hash":"14bbf7ece666f5a1de50b2120db385bdaefc3540"}
,"/vercel/sandbox/primary/src/components/institutional/InstContact.jsx": {"path":"/vercel/sandbox/primary/src/components/institutional/InstContact.jsx","statementMap":{"0":{"start":{"line":6,"column":20},"end":{"line":34,"column":1}},"1":{"start":{"line":7,"column":18},"end":{"line":7,"column":34}},"2":{"start":{"line":9,"column":2},"end":{"line":33,"column":4}}},"fnMap":{"0":{"name":"(anonymous_0)","decl":{"start":{"line":6,"column":20},"end":{"line":6,"column":21}},"loc":{"start":{"line":6,"column":26},"end":{"line":34,"column":1}},"line":6}},"branchMap":{},"s":{"0":1,"1":2,"2":2},"f":{"0":2},"b":{},"_coverageSchema":"1a1c01bbd47fc00a2c39e90264f33305004495a9","hash":"f883074f3de8d6ffb63cd58a572e888cc3a9de94"}
,"/vercel/sandbox/primary/src/components/institutional/InstDiscipline.jsx": {"path":"/vercel/sandbox/primary/src/components/institutional/InstDiscipline.jsx","statementMap":{"0":{"start":{"line":6,"column":23},"end":{"line":50,"column":1}},"1":{"start":{"line":7,"column":16},"end":{"line":7,"column":32}},"2":{"start":{"line":9,"column":2},"end":{"line":49,"column":4}},"3":{"start":{"line":20,"column":20},"end":{"line":44,"column":33}}},"fnMap":{"0":{"name":"(anonymous_0)","decl":{"start":{"line":6,"column":23},"end":{"line":6,"column":24}},"loc":{"start":{"line":6,"column":29},"end":{"line":50,"column":1}},"line":6},"1":{"name":"(anonymous_1)","decl":{"start":{"line":19,"column":76},"end":{"line":19,"column":77}},"loc":{"start":{"line":20,"column":20},"end":{"line":44,"column":33}},"line":20}},"branchMap":{"0":{"loc":{"start":{"line":19,"column":18},"end":{"line":19,"column":70}},"type":"binary-expr","locations":[{"start":{"line":19,"column":18},"end":{"line":19,"column":64}},{"start":{"line":19,"column":68},"end":{"line":19,"column":70}}],"line":19}},"s":{"0":1,"1":2,"2":2,"3":0},"f":{"0":2,"1":0},"b":{"0":[2,0]},"_coverageSchema":"1a1c01bbd47fc00a2c39e90264f33305004495a9","hash":"2c83842cfb0f805fd9f634a1f97a9e1a4bd1d74e"}
,"/vercel/sandbox/primary/src/components/institutional/InstFooter.jsx": {"path":"/vercel/sandbox/primary/src/components/institutional/InstFooter.jsx","statementMap":{"0":{"start":{"line":5,"column":19},"end":{"line":90,"column":1}},"1":{"start":{"line":6,"column":16},"end":{"line":6,"column":32}},"2":{"start":{"line":8,"column":22},"end":{"line":24,"column":3}},"3":{"start":{"line":10,"column":6},"end":{"line":10,"column":107}},"4":{"start":{"line":10,"column":92},"end":{"line":10,"column":107}},"5":{"start":{"line":11,"column":6},"end":{"line":11,"column":77}},"6":{"start":{"line":11,"column":56},"end":{"line":11,"column":77}},"7":{"start":{"line":12,"column":6},"end":{"line":12,"column":73}},"8":{"start":{"line":12,"column":52},"end":{"line":12,"column":73}},"9":{"start":{"line":13,"column":6},"end":{"line":13,"column":53}},"10":{"start":{"line":13,"column":32},"end":{"line":13,"column":53}},"11":{"start":{"line":14,"column":6},"end":{"line":14,"column":75}},"12":{"start":{"line":14,"column":57},"end":{"line":14,"column":75}},"13":{"start":{"line":17,"column":6},"end":{"line":17,"column":64}},"14":{"start":{"line":17,"column":36},"end":{"line":17,"column":64}},"15":{"start":{"line":18,"column":6},"end":{"line":18,"column":58}},"16":{"start":{"line":18,"column":33},"end":{"line":18,"column":58}},"17":{"start":{"line":19,"column":6},"end":{"line":19,"column":66}},"18":{"start":{"line":19,"column":37},"end":{"line":19,"column":66}},"19":{"start":{"line":20,"column":6},"end":{"line":20,"column":62}},"20":{"start":{"line":20,"column":35},"end":{"line":20,"column":62}},"21":{"start":{"line":21,"column":6},"end":{"line":21,"column":70}},"22":{"start":{"line":21,"column":39},"end":{"line":21,"column":70}},"23":{"start":{"line":23,"column":6},"end":{"line":23,"column":17}},"24":{"start":{"line":26,"column":21},"end":{"line":32,"column":3}},"25":{"start":{"line":27,"column":19},"end":{"line":27,"column":36}},"26":{"start":{"line":28,"column":6},"end":{"line":30,"column":7}},"27":{"start":{"line":29,"column":12},"end":{"line":29,"column":96}},"28":{"start":{"line":31,"column":6},"end":{"line":31,"column":86}},"29":{"start":{"line":34,"column":2},"end":{"line":89,"column":4}},"30":{"start":{"line":60,"column":32},"end":{"line":60,"column":75}},"31":{"start":{"line":68,"column":32},"end":{"line":68,"column":75}},"32":{"start":{"line":76,"column":32},"end":{"line":76,"column":75}}},"fnMap":{"0":{"name":"(anonymous_0)","decl":{"start":{"line":5,"column":19},"end":{"line":5,"column":20}},"loc":{"start":{"line":5,"column":25},"end":{"line":90,"column":1}},"line":5},"1":{"name":"(anonymous_1)","decl":{"start":{"line":8,"column":22},"end":{"line":8,"column":23}},"loc":{"start":{"line":8,"column":32},"end":{"line":24,"column":3}},"line":8},"2":{"name":"(anonymous_2)","decl":{"start":{"line":26,"column":21},"end":{"line":26,"column":22}},"loc":{"start":{"line":26,"column":35},"end":{"line":32,"column":3}},"line":26},"3":{"name":"(anonymous_3)","decl":{"start":{"line":59,"column":102},"end":{"line":59,"column":103}},"loc":{"start":{"line":60,"column":32},"end":{"line":60,"column":75}},"line":60},"4":{"name":"(anonymous_4)","decl":{"start":{"line":67,"column":102},"end":{"line":67,"column":103}},"loc":{"start":{"line":68,"column":32},"end":{"line":68,"column":75}},"line":68},"5":{"name":"(anonymous_5)","decl":{"start":{"line":75,"column":99},"end":{"line":75,"column":100}},"loc":{"start":{"line":76,"column":32},"end":{"line":76,"column":75}},"line":76}},"branchMap":{"0":{"loc":{"start":{"line":10,"column":6},"end":{"line":10,"column":107}},"type":"if","locations":[{"start":{"line":10,"column":6},"end":{"line":10,"column":107}},{"start":{},"end":{}}],"line":10},"1":{"loc":{"start":{"line":10,"column":10},"end":{"line":10,"column":90}},"type":"binary-expr","locations":[{"start":{"line":10,"column":10},"end":{"line":10,"column":25}},{"start":{"line":10,"column":29},"end":{"line":10,"column":48}},{"start":{"line":10,"column":52},"end":{"line":10,"column":69}},{"start":{"line":10,"column":73},"end":{"line":10,"column":90}}],"line":10},"2":{"loc":{"start":{"line":11,"column":6},"end":{"line":11,"column":77}},"type":"if","locations":[{"start":{"line":11,"column":6},"end":{"line":11,"column":77}},{"start":{},"end":{}}],"line":11},"3":{"loc":{"start":{"line":11,"column":10},"end":{"line":11,"column":54}},"type":"binary-expr","locations":[{"start":{"line":11,"column":10},"end":{"line":11,"column":30}},{"start":{"line":11,"column":34},"end":{"line":11,"column":54}}],"line":11},"4":{"loc":{"start":{"line":12,"column":6},"end":{"line":12,"column":73}},"type":"if","locations":[{"start":{"line":12,"column":6},"end":{"line":12,"column":73}},{"start":{},"end":{}}],"line":12},"5":{"loc":{"start":{"line":12,"column":10},"end":{"line":12,"column":50}},"type":"binary-expr","locations":[{"start":{"line":12,"column":10},"end":{"line":12,"column":30}},{"start":{"line":12,"column":34},"end":{"line":12,"column":50}}],"line":12},"6":{"loc":{"start":{"line":13,"column":6},"end":{"line":13,"column":53}},"type":"if","locations":[{"start":{"line":13,"column":6},"end":{"line":13,"column":53}},{"start":{},"end":{}}],"line":13},"7":{"loc":{"start":{"line":14,"column":6},"end":{"line":14,"column":75}},"type":"if","locations":[{"start":{"line":14,"column":6},"end":{"line":14,"column":75}},{"start":{},"end":{}}],"line":14},"8":{"loc":{"start":{"line":14,"column":10},"end":{"line":14,"column":55}},"type":"binary-expr","locations":[{"start":{"line":14,"column":10},"end":{"line":14,"column":28}},{"start":{"line":14,"column":32},"end":{"line":14,"column":55}}],"line":14},"9":{"loc":{"start":{"line":17,"column":6},"end":{"line":17,"column":64}},"type":"if","locations":[{"start":{"line":17,"column":6},"end":{"line":17,"column":64}},{"start":{},"end":{}}],"line":17},"10":{"loc":{"start":{"line":18,"column":6},"end":{"line":18,"column":58}},"type":"if","locations":[{"start":{"line":18,"column":6},"end":{"line":18,"column":58}},{"start":{},"end":{}}],"line":18},"11":{"loc":{"start":{"line":19,"column":6},"end":{"line":19,"column":66}},"type":"if","locations":[{"start":{"line":19,"column":6},"end":{"line":19,"column":66}},{"start":{},"end":{}}],"line":19},"12":{"loc":{"start":{"line":20,"column":6},"end":{"line":20,"column":62}},"type":"if","locations":[{"start":{"line":20,"column":6},"end":{"line":20,"column":62}},{"start":{},"end":{}}],"line":20},"13":{"loc":{"start":{"line":21,"column":6},"end":{"line":21,"column":70}},"type":"if","locations":[{"start":{"line":21,"column":6},"end":{"line":21,"column":70}},{"start":{},"end":{}}],"line":21},"14":{"loc":{"start":{"line":28,"column":6},"end":{"line":30,"column":7}},"type":"if","locations":[{"start":{"line":28,"column":6},"end":{"line":30,"column":7}},{"start":{},"end":{}}],"line":28},"15":{"loc":{"start":{"line":59,"column":30},"end":{"line":59,"column":96}},"type":"binary-expr","locations":[{"start":{"line":59,"column":30},"end":{"line":59,"column":90}},{"start":{"line":59,"column":94},"end":{"line":59,"column":96}}],"line":59},"16":{"loc":{"start":{"line":67,"column":30},"end":{"line":67,"column":96}},"type":"binary-expr","locations":[{"start":{"line":67,"column":30},"end":{"line":67,"column":90}},{"start":{"line":67,"column":94},"end":{"line":67,"column":96}}],"line":67},"17":{"loc":{"start":{"line":75,"column":30},"end":{"line":75,"column":93}},"type":"binary-expr","locations":[{"start":{"line":75,"column":30},"end":{"line":75,"column":87}},{"start":{"line":75,"column":91},"end":{"line":75,"column":93}}],"line":75}},"s":{"0":1,"1":2,"2":2,"3":0,"4":0,"5":0,"6":0,"7":0,"8":0,"9":0,"10":0,"11":0,"12":0,"13":0,"14":0,"15":0,"16":0,"17":0,"18":0,"19":0,"20":0,"21":0,"22":0,"23":0,"24":2,"25":0,"26":0,"27":0,"28":0,"29":2,"30":0,"31":0,"32":0},"f":{"0":2,"1":0,"2":0,"3":0,"4":0,"5":0},"b":{"0":[0,0],"1":[0,0,0,0],"2":[0,0],"3":[0,0],"4":[0,0],"5":[0,0],"6":[0,0],"7":[0,0],"8":[0,0],"9":[0,0],"10":[0,0],"11":[0,0],"12":[0,0],"13":[0,0],"14":[0,0],"15":[2,0],"16":[2,0],"17":[2,0]},"_coverageSchema":"1a1c01bbd47fc00a2c39e90264f33305004495a9","hash":"5c9cc4db62d56da8627142cac96220d8ae87810f"}
,"/vercel/sandbox/primary/src/components/institutional/InstHeader.jsx": {"path":"/vercel/sandbox/primary/src/components/institutional/InstHeader.jsx","statementMap":{"0":{"start":{"line":5,"column":19},"end":{"line":117,"column":1}},"1":{"start":{"line":6,"column":24},"end":{"line":6,"column":40}},"2":{"start":{"line":7,"column":36},"end":{"line":7,"column":51}},"3":{"start":{"line":8,"column":48},"end":{"line":8,"column":63}},"4":{"start":{"line":10,"column":4},"end":{"line":16,"column":11}},"5":{"start":{"line":11,"column":29},"end":{"line":13,"column":9}},"6":{"start":{"line":12,"column":13},"end":{"line":12,"column":46}},"7":{"start":{"line":14,"column":8},"end":{"line":14,"column":56}},"8":{"start":{"line":15,"column":8},"end":{"line":15,"column":72}},"9":{"start":{"line":15,"column":21},"end":{"line":15,"column":71}},"10":{"start":{"line":19,"column":4},"end":{"line":25,"column":25}},"11":{"start":{"line":20,"column":8},"end":{"line":24,"column":9}},"12":{"start":{"line":21,"column":12},"end":{"line":21,"column":52}},"13":{"start":{"line":23,"column":12},"end":{"line":23,"column":51}},"14":{"start":{"line":27,"column":21},"end":{"line":33,"column":5}},"15":{"start":{"line":35,"column":4},"end":{"line":116,"column":6}},"16":{"start":{"line":53,"column":29},"end":{"line":55,"column":36}},"17":{"start":{"line":72,"column":39},"end":{"line":72,"column":73}},"18":{"start":{"line":91,"column":36},"end":{"line":98,"column":43}},"19":{"start":{"line":94,"column":55},"end":{"line":94,"column":79}}},"fnMap":{"0":{"name":"(anonymous_0)","decl":{"start":{"line":5,"column":19},"end":{"line":5,"column":20}},"loc":{"start":{"line":5,"column":25},"end":{"line":117,"column":1}},"line":5},"1":{"name":"(anonymous_1)","decl":{"start":{"line":10,"column":14},"end":{"line":10,"column":15}},"loc":{"start":{"line":10,"column":20},"end":{"line":16,"column":5}},"line":10},"2":{"name":"(anonymous_2)","decl":{"start":{"line":11,"column":29},"end":{"line":11,"column":30}},"loc":{"start":{"line":11,"column":35},"end":{"line":13,"column":9}},"line":11},"3":{"name":"(anonymous_3)","decl":{"start":{"line":15,"column":15},"end":{"line":15,"column":16}},"loc":{"start":{"line":15,"column":21},"end":{"line":15,"column":71}},"line":15},"4":{"name":"(anonymous_4)","decl":{"start":{"line":19,"column":14},"end":{"line":19,"column":15}},"loc":{"start":{"line":19,"column":20},"end":{"line":25,"column":5}},"line":19},"5":{"name":"(anonymous_5)","decl":{"start":{"line":52,"column":39},"end":{"line":52,"column":40}},"loc":{"start":{"line":53,"column":29},"end":{"line":55,"column":36}},"line":53},"6":{"name":"(anonymous_6)","decl":{"start":{"line":72,"column":33},"end":{"line":72,"column":34}},"loc":{"start":{"line":72,"column":39},"end":{"line":72,"column":73}},"line":72},"7":{"name":"(anonymous_7)","decl":{"start":{"line":90,"column":46},"end":{"line":90,"column":47}},"loc":{"start":{"line":91,"column":36},"end":{"line":98,"column":43}},"line":91},"8":{"name":"(anonymous_8)","decl":{"start":{"line":94,"column":49},"end":{"line":94,"column":50}},"loc":{"start":{"line":94,"column":55},"end":{"line":94,"column":79}},"line":94}},"branchMap":{"0":{"loc":{"start":{"line":20,"column":8},"end":{"line":24,"column":9}},"type":"if","locations":[{"start":{"line":20,"column":8},"end":{"line":24,"column":9}},{"start":{"line":22,"column":15},"end":{"line":24,"column":9}}],"line":20},"1":{"loc":{"start":{"line":31,"column":32},"end":{"line":31,"column":55}},"type":"binary-expr","locations":[{"start":{"line":31,"column":32},"end":{"line":31,"column":45}},{"start":{"line":31,"column":49},"end":{"line":31,"column":55}}],"line":31},"2":{"loc":{"start":{"line":40,"column":89},"end":{"line":40,"column":194}},"type":"cond-expr","locations":[{"start":{"line":40,"column":100},"end":{"line":40,"column":170}},{"start":{"line":40,"column":173},"end":{"line":40,"column":194}}],"line":40},"3":{"loc":{"start":{"line":75,"column":25},"end":{"line":75,"column":78}},"type":"cond-expr","locations":[{"start":{"line":75,"column":42},"end":{"line":75,"column":57}},{"start":{"line":75,"column":60},"end":{"line":75,"column":78}}],"line":75},"4":{"loc":{"start":{"line":81,"column":21},"end":{"line":112,"column":21}},"type":"binary-expr","locations":[{"start":{"line":81,"column":21},"end":{"line":81,"column":35}},{"start":{"line":82,"column":24},"end":{"line":111,"column":37}}],"line":81}},"s":{"0":1,"1":5,"2":0,"3":0,"4":0,"5":0,"6":0,"7":0,"8":0,"9":0,"10":0,"11":0,"12":0,"13":0,"14":0,"15":0,"16":0,"17":0,"18":0,"19":0},"f":{"0":5,"1":0,"2":0,"3":0,"4":0,"5":0,"6":0,"7":0,"8":0},"b":{"0":[0,0],"1":[0,0],"2":[0,0],"3":[0,0],"4":[0,0]},"_coverageSchema":"1a1c01bbd47fc00a2c39e90264f33305004495a9","hash":"6cafd55097e1d22a40e20edd0117e6e3ef94097c"}
,"/vercel/sandbox/primary/src/components/institutional/InstHero.jsx": {"path":"/vercel/sandbox/primary/src/components/institutional/InstHero.jsx","statementMap":{"0":{"start":{"line":7,"column":17},"end":{"line":70,"column":1}},"1":{"start":{"line":8,"column":16},"end":{"line":8,"column":32}},"2":{"start":{"line":10,"column":2},"end":{"line":69,"column":4}}},"fnMap":{"0":{"name":"(anonymous_0)","decl":{"start":{"line":7,"column":17},"end":{"line":7,"column":18}},"loc":{"start":{"line":7,"column":23},"end":{"line":70,"column":1}},"line":7}},"branchMap":{},"s":{"0":1,"1":2,"2":2},"f":{"0":2},"b":{},"_coverageSchema":"1a1c01bbd47fc00a2c39e90264f33305004495a9","hash":"871d85a237dddc8e7110d698bd6f8903f5a899e1"}
,"/vercel/sandbox/primary/src/components/institutional/InstImpact.jsx": {"path":"/vercel/sandbox/primary/src/components/institutional/InstImpact.jsx","statementMap":{"0":{"start":{"line":8,"column":19},"end":{"line":74,"column":1}},"1":{"start":{"line":9,"column":18},"end":{"line":9,"column":34}},"2":{"start":{"line":10,"column":22},"end":{"line":10,"column":34}},"3":{"start":{"line":11,"column":32},"end":{"line":13,"column":6}},"4":{"start":{"line":16,"column":14},"end":{"line":16,"column":67}},"5":{"start":{"line":18,"column":25},"end":{"line":18,"column":71}},"6":{"start":{"line":19,"column":22},"end":{"line":19,"column":69}},"7":{"start":{"line":21,"column":4},"end":{"line":73,"column":6}},"8":{"start":{"line":58,"column":28},"end":{"line":58,"column":68}},"9":{"start":{"line":65,"column":28},"end":{"line":67,"column":34}},"10":{"start":{"line":76,"column":21},"end":{"line":101,"column":1}},"11":{"start":{"line":77,"column":4},"end":{"line":100,"column":11}}},"fnMap":{"0":{"name":"(anonymous_0)","decl":{"start":{"line":8,"column":19},"end":{"line":8,"column":20}},"loc":{"start":{"line":8,"column":25},"end":{"line":74,"column":1}},"line":8},"1":{"name":"(anonymous_1)","decl":{"start":{"line":57,"column":39},"end":{"line":57,"column":40}},"loc":{"start":{"line":58,"column":28},"end":{"line":58,"column":68}},"line":58},"2":{"name":"(anonymous_2)","decl":{"start":{"line":64,"column":40},"end":{"line":64,"column":41}},"loc":{"start":{"line":65,"column":28},"end":{"line":67,"column":34}},"line":65},"3":{"name":"(anonymous_3)","decl":{"start":{"line":76,"column":21},"end":{"line":76,"column":22}},"loc":{"start":{"line":77,"column":4},"end":{"line":100,"column":11}},"line":77}},"branchMap":{"0":{"loc":{"start":{"line":19,"column":22},"end":{"line":19,"column":69}},"type":"cond-expr","locations":[{"start":{"line":19,"column":52},"end":{"line":19,"column":64}},{"start":{"line":19,"column":67},"end":{"line":19,"column":69}}],"line":19},"1":{"loc":{"start":{"line":81,"column":14},"end":{"line":81,"column":133}},"type":"cond-expr","locations":[{"start":{"line":81,"column":23},"end":{"line":81,"column":58}},{"start":{"line":81,"column":61},"end":{"line":81,"column":133}}],"line":81}},"s":{"0":1,"1":2,"2":2,"3":2,"4":2,"5":2,"6":2,"7":2,"8":0,"9":0,"10":1,"11":0},"f":{"0":2,"1":0,"2":0,"3":0},"b":{"0":[2,0],"1":[0,0]},"_coverageSchema":"1a1c01bbd47fc00a2c39e90264f33305004495a9","hash":"d4d10ab6316c15b44aac5bf5a5a9d2c70d942303"}
,"/vercel/sandbox/primary/src/components/institutional/InstManifesto.jsx": {"path":"/vercel/sandbox/primary/src/components/institutional/InstManifesto.jsx","statementMap":{"0":{"start":{"line":5,"column":22},"end":{"line":58,"column":1}},"1":{"start":{"line":6,"column":18},"end":{"line":6,"column":34}},"2":{"start":{"line":7,"column":22},"end":{"line":7,"column":34}},"3":{"start":{"line":8,"column":32},"end":{"line":11,"column":6}},"4":{"start":{"line":13,"column":14},"end":{"line":13,"column":62}},"5":{"start":{"line":15,"column":22},"end":{"line":15,"column":68}},"6":{"start":{"line":16,"column":19},"end":{"line":16,"column":60}},"7":{"start":{"line":18,"column":4},"end":{"line":57,"column":6}},"8":{"start":{"line":38,"column":28},"end":{"line":51,"column":41}}},"fnMap":{"0":{"name":"(anonymous_0)","decl":{"start":{"line":5,"column":22},"end":{"line":5,"column":23}},"loc":{"start":{"line":5,"column":28},"end":{"line":58,"column":1}},"line":5},"1":{"name":"(anonymous_1)","decl":{"start":{"line":37,"column":36},"end":{"line":37,"column":37}},"loc":{"start":{"line":38,"column":28},"end":{"line":51,"column":41}},"line":38}},"branchMap":{"0":{"loc":{"start":{"line":16,"column":19},"end":{"line":16,"column":60}},"type":"cond-expr","locations":[{"start":{"line":16,"column":46},"end":{"line":16,"column":55}},{"start":{"line":16,"column":58},"end":{"line":16,"column":60}}],"line":16}},"s":{"0":1,"1":2,"2":2,"3":2,"4":2,"5":2,"6":2,"7":2,"8":0},"f":{"0":2,"1":0},"b":{"0":[2,0]},"_coverageSchema":"1a1c01bbd47fc00a2c39e90264f33305004495a9","hash":"377a2d59acc95e93d131863f551a54b48aae77c9"}
,"/vercel/sandbox/primary/src/components/institutional/InstOffers.jsx": {"path":"/vercel/sandbox/primary/src/components/institutional/InstOffers.jsx","statementMap":{"0":{"start":{"line":10,"column":15},"end":{"line":15,"column":1}},"1":{"start":{"line":17,"column":19},"end":{"line":79,"column":1}},"2":{"start":{"line":18,"column":18},"end":{"line":18,"column":34}},"3":{"start":{"line":19,"column":18},"end":{"line":19,"column":66}},"4":{"start":{"line":21,"column":4},"end":{"line":78,"column":4}},"5":{"start":{"line":37,"column":17},"end":{"line":74,"column":23}}},"fnMap":{"0":{"name":"(anonymous_0)","decl":{"start":{"line":17,"column":19},"end":{"line":17,"column":20}},"loc":{"start":{"line":17,"column":25},"end":{"line":79,"column":1}},"line":17},"1":{"name":"(anonymous_1)","decl":{"start":{"line":36,"column":24},"end":{"line":36,"column":25}},"loc":{"start":{"line":37,"column":17},"end":{"line":74,"column":23}},"line":37}},"branchMap":{"0":{"loc":{"start":{"line":19,"column":18},"end":{"line":19,"column":66}},"type":"binary-expr","locations":[{"start":{"line":19,"column":18},"end":{"line":19,"column":60}},{"start":{"line":19,"column":64},"end":{"line":19,"column":66}}],"line":19},"1":{"loc":{"start":{"line":41,"column":26},"end":{"line":41,"column":107}},"type":"cond-expr","locations":[{"start":{"line":41,"column":42},"end":{"line":41,"column":102}},{"start":{"line":41,"column":105},"end":{"line":41,"column":107}}],"line":41},"2":{"loc":{"start":{"line":42,"column":26},"end":{"line":42,"column":106}},"type":"cond-expr","locations":[{"start":{"line":42,"column":58},"end":{"line":42,"column":101}},{"start":{"line":42,"column":104},"end":{"line":42,"column":106}}],"line":42},"3":{"loc":{"start":{"line":42,"column":26},"end":{"line":42,"column":55}},"type":"binary-expr","locations":[{"start":{"line":42,"column":26},"end":{"line":42,"column":40}},{"start":{"line":42,"column":44},"end":{"line":42,"column":55}}],"line":42},"4":{"loc":{"start":{"line":43,"column":26},"end":{"line":43,"column":88}},"type":"cond-expr","locations":[{"start":{"line":43,"column":40},"end":{"line":43,"column":83}},{"start":{"line":43,"column":86},"end":{"line":43,"column":88}}],"line":43},"5":{"loc":{"start":{"line":59,"column":26},"end":{"line":63,"column":26}},"type":"binary-expr","locations":[{"start":{"line":59,"column":26},"end":{"line":59,"column":39}},{"start":{"line":60,"column":29},"end":{"line":62,"column":35}}],"line":59}},"s":{"0":1,"1":1,"2":2,"3":2,"4":2,"5":0},"f":{"0":2,"1":0},"b":{"0":[2,0],"1":[0,0],"2":[0,0],"3":[0,0],"4":[0,0],"5":[0,0]},"_coverageSchema":"1a1c01bbd47fc00a2c39e90264f33305004495a9","hash":"a8d86aadf8ae8b0fe675c2cb4020f22e81c8c98e"}
,"/vercel/sandbox/primary/src/components/institutional/InstPartners.jsx": {"path":"/vercel/sandbox/primary/src/components/institutional/InstPartners.jsx","statementMap":{"0":{"start":{"line":5,"column":21},"end":{"line":64,"column":1}},"1":{"start":{"line":6,"column":18},"end":{"line":6,"column":34}},"2":{"start":{"line":7,"column":25},"end":{"line":14,"column":5}},"3":{"start":{"line":16,"column":4},"end":{"line":63,"column":6}},"4":{"start":{"line":45,"column":24},"end":{"line":58,"column":30}}},"fnMap":{"0":{"name":"(anonymous_0)","decl":{"start":{"line":5,"column":21},"end":{"line":5,"column":22}},"loc":{"start":{"line":5,"column":27},"end":{"line":64,"column":1}},"line":5},"1":{"name":"(anonymous_1)","decl":{"start":{"line":44,"column":94},"end":{"line":44,"column":95}},"loc":{"start":{"line":45,"column":24},"end":{"line":58,"column":30}},"line":45}},"branchMap":{"0":{"loc":{"start":{"line":55,"column":61},"end":{"line":55,"column":76}},"type":"binary-expr","locations":[{"start":{"line":55,"column":61},"end":{"line":55,"column":71}},{"start":{"line":55,"column":75},"end":{"line":55,"column":76}}],"line":55}},"s":{"0":1,"1":2,"2":2,"3":2,"4":48},"f":{"0":2,"1":48},"b":{"0":[48,0]},"_coverageSchema":"1a1c01bbd47fc00a2c39e90264f33305004495a9","hash":"b09bf9e3cd840addfcdb30b0a574bade8103c0ef"}
,"/vercel/sandbox/primary/src/components/institutional/InstQuote.jsx": {"path":"/vercel/sandbox/primary/src/components/institutional/InstQuote.jsx","statementMap":{"0":{"start":{"line":7,"column":18},"end":{"line":65,"column":1}},"1":{"start":{"line":8,"column":16},"end":{"line":8,"column":32}},"2":{"start":{"line":10,"column":2},"end":{"line":64,"column":4}}},"fnMap":{"0":{"name":"(anonymous_0)","decl":{"start":{"line":7,"column":18},"end":{"line":7,"column":19}},"loc":{"start":{"line":7,"column":24},"end":{"line":65,"column":1}},"line":7}},"branchMap":{},"s":{"0":1,"1":2,"2":2},"f":{"0":2},"b":{},"_coverageSchema":"1a1c01bbd47fc00a2c39e90264f33305004495a9","hash":"5982056733d4016a5d960dffb08b05d7e722060b"}
,"/vercel/sandbox/primary/src/components/institutional/InstTeam.jsx": {"path":"/vercel/sandbox/primary/src/components/institutional/InstTeam.jsx","statementMap":{"0":{"start":{"line":7,"column":17},"end":{"line":99,"column":1}},"1":{"start":{"line":8,"column":18},"end":{"line":8,"column":34}},"2":{"start":{"line":9,"column":17},"end":{"line":9,"column":64}},"3":{"start":{"line":11,"column":26},"end":{"line":19,"column":5}},"4":{"start":{"line":21,"column":21},"end":{"line":24,"column":5}},"5":{"start":{"line":26,"column":4},"end":{"line":98,"column":6}},"6":{"start":{"line":50,"column":20},"end":{"line":94,"column":33}},"7":{"start":{"line":74,"column":36},"end":{"line":76,"column":43}}},"fnMap":{"0":{"name":"(anonymous_0)","decl":{"start":{"line":7,"column":17},"end":{"line":7,"column":18}},"loc":{"start":{"line":7,"column":23},"end":{"line":99,"column":1}},"line":7},"1":{"name":"(anonymous_1)","decl":{"start":{"line":49,"column":26},"end":{"line":49,"column":27}},"loc":{"start":{"line":50,"column":20},"end":{"line":94,"column":33}},"line":50},"2":{"name":"(anonymous_2)","decl":{"start":{"line":73,"column":96},"end":{"line":73,"column":97}},"loc":{"start":{"line":74,"column":36},"end":{"line":76,"column":43}},"line":74}},"branchMap":{"0":{"loc":{"start":{"line":9,"column":17},"end":{"line":9,"column":64}},"type":"binary-expr","locations":[{"start":{"line":9,"column":17},"end":{"line":9,"column":58}},{"start":{"line":9,"column":62},"end":{"line":9,"column":64}}],"line":9},"1":{"loc":{"start":{"line":73,"column":34},"end":{"line":73,"column":90}},"type":"cond-expr","locations":[{"start":{"line":73,"column":63},"end":{"line":73,"column":74}},{"start":{"line":73,"column":77},"end":{"line":73,"column":90}}],"line":73}},"s":{"0":1,"1":0,"2":0,"3":0,"4":0,"5":0,"6":0,"7":0},"f":{"0":0,"1":0,"2":0},"b":{"0":[0,0],"1":[0,0]},"_coverageSchema":"1a1c01bbd47fc00a2c39e90264f33305004495a9","hash":"99c06179e8b31625073aa8899f47f0942a5fbe28"}
,"/vercel/sandbox/primary/src/components/ui/Button.jsx": {"path":"/vercel/sandbox/primary/src/components/ui/Button.jsx","statementMap":{"0":{"start":{"line":3,"column":15},"end":{"line":20,"column":1}},"1":{"start":{"line":4,"column":21},"end":{"line":4,"column":154}},"2":{"start":{"line":6,"column":19},"end":{"line":10,"column":3}},"3":{"start":{"line":12,"column":2},"end":{"line":19,"column":4}}},"fnMap":{"0":{"name":"(anonymous_0)","decl":{"start":{"line":3,"column":15},"end":{"line":3,"column":16}},"loc":{"start":{"line":3,"column":80},"end":{"line":20,"column":1}},"line":3}},"branchMap":{"0":{"loc":{"start":{"line":3,"column":28},"end":{"line":3,"column":47}},"type":"default-arg","locations":[{"start":{"line":3,"column":38},"end":{"line":3,"column":47}}],"line":3},"1":{"loc":{"start":{"line":3,"column":49},"end":{"line":3,"column":63}},"type":"default-arg","locations":[{"start":{"line":3,"column":61},"end":{"line":3,"column":63}}],"line":3},"2":{"loc":{"start":{"line":14,"column":34},"end":{"line":14,"column":71}},"type":"binary-expr","locations":[{"start":{"line":14,"column":34},"end":{"line":14,"column":51}},{"start":{"line":14,"column":55},"end":{"line":14,"column":71}}],"line":14}},"s":{"0":1,"1":2,"2":2,"3":2},"f":{"0":2},"b":{"0":[0],"1":[0],"2":[2,0]},"_coverageSchema":"1a1c01bbd47fc00a2c39e90264f33305004495a9","hash":"8d12bb52b72c580b17da448d8dc4675a7a6e54e7"}
,"/vercel/sandbox/primary/src/components/ui/Section.jsx": {"path":"/vercel/sandbox/primary/src/components/ui/Section.jsx","statementMap":{"0":{"start":{"line":3,"column":16},"end":{"line":9,"column":1}},"1":{"start":{"line":4,"column":2},"end":{"line":8,"column":4}}},"fnMap":{"0":{"name":"(anonymous_0)","decl":{"start":{"line":3,"column":16},"end":{"line":3,"column":17}},"loc":{"start":{"line":3,"column":59},"end":{"line":9,"column":1}},"line":3}},"branchMap":{"0":{"loc":{"start":{"line":3,"column":29},"end":{"line":3,"column":43}},"type":"default-arg","locations":[{"start":{"line":3,"column":41},"end":{"line":3,"column":43}}],"line":3},"1":{"loc":{"start":{"line":3,"column":45},"end":{"line":3,"column":52}},"type":"default-arg","locations":[{"start":{"line":3,"column":50},"end":{"line":3,"column":52}}],"line":3}},"s":{"0":1,"1":10},"f":{"0":10},"b":{"0":[0],"1":[8]},"_coverageSchema":"1a1c01bbd47fc00a2c39e90264f33305004495a9","hash":"12655b2701eb84a416a5beddbedbd6e00dcdaaae"}
,"/vercel/sandbox/primary/src/pages/DivisionDetail.jsx": {"path":"/vercel/sandbox/primary/src/pages/DivisionDetail.jsx","statementMap":{"0":{"start":{"line":9,"column":23},"end":{"line":110,"column":1}},"1":{"start":{"line":10,"column":19},"end":{"line":10,"column":30}},"2":{"start":{"line":11,"column":18},"end":{"line":11,"column":34}},"3":{"start":{"line":14,"column":17},"end":{"line":14,"column":76}},"4":{"start":{"line":17,"column":4},"end":{"line":24,"column":5}},"5":{"start":{"line":18,"column":8},"end":{"line":23,"column":10}},"6":{"start":{"line":26,"column":4},"end":{"line":109,"column":6}},"7":{"start":{"line":69,"column":36},"end":{"line":72,"column":41}},"8":{"start":{"line":87,"column":36},"end":{"line":90,"column":42}}},"fnMap":{"0":{"name":"(anonymous_0)","decl":{"start":{"line":9,"column":23},"end":{"line":9,"column":24}},"loc":{"start":{"line":9,"column":29},"end":{"line":110,"column":1}},"line":9},"1":{"name":"(anonymous_1)","decl":{"start":{"line":68,"column":59},"end":{"line":68,"column":60}},"loc":{"start":{"line":69,"column":36},"end":{"line":72,"column":41}},"line":69},"2":{"name":"(anonymous_2)","decl":{"start":{"line":86,"column":56},"end":{"line":86,"column":57}},"loc":{"start":{"line":87,"column":36},"end":{"line":90,"column":42}},"line":87}},"branchMap":{"0":{"loc":{"start":{"line":17,"column":4},"end":{"line":24,"column":5}},"type":"if","locations":[{"start":{"line":17,"column":4},"end":{"line":24,"column":5}},{"start":{},"end":{}}],"line":17},"1":{"loc":{"start":{"line":17,"column":8},"end":{"line":17,"column":41}},"type":"binary-expr","locations":[{"start":{"line":17,"column":8},"end":{"line":17,"column":13}},{"start":{"line":17,"column":17},"end":{"line":17,"column":41}}],"line":17},"2":{"loc":{"start":{"line":68,"column":34},"end":{"line":68,"column":53}},"type":"binary-expr","locations":[{"start":{"line":68,"column":34},"end":{"line":68,"column":47}},{"start":{"line":68,"column":51},"end":{"line":68,"column":53}}],"line":68},"3":{"loc":{"start":{"line":86,"column":34},"end":{"line":86,"column":50}},"type":"binary-expr","locations":[{"start":{"line":86,"column":34},"end":{"line":86,"column":44}},{"start":{"line":86,"column":48},"end":{"line":86,"column":50}}],"line":86}},"s":{"0":1,"1":0,"2":0,"3":0,"4":0,"5":0,"6":0,"7":0,"8":0},"f":{"0":0,"1":0,"2":0},"b":{"0":[0,0],"1":[0,0],"2":[0,0],"3":[0,0]},"_coverageSchema":"1a1c01bbd47fc00a2c39e90264f33305004495a9","hash":"fb1b474db6178acc408a138d650a8ea7cd0d5f30"}
,"/vercel/sandbox/primary/src/pages/Home.jsx": {"path":"/vercel/sandbox/primary/src/pages/Home.jsx","statementMap":{"0":{"start":{"line":11,"column":13},"end":{"line":24,"column":1}},"1":{"start":{"line":12,"column":4},"end":{"line":23,"column":6}}},"fnMap":{"0":{"name":"(anonymous_0)","decl":{"start":{"line":11,"column":13},"end":{"line":11,"column":14}},"loc":{"start":{"line":11,"column":19},"end":{"line":24,"column":1}},"line":11}},"branchMap":{},"s":{"0":1,"1":2},"f":{"0":2},"b":{},"_coverageSchema":"1a1c01bbd47fc00a2c39e90264f33305004495a9","hash":"351d8a5df936e82c712a1da61fedaa1a7f7a62fe"}
,"/vercel/sandbox/primary/src/pages/Team.jsx": {"path":"/vercel/sandbox/primary/src/pages/Team.jsx","statementMap":{"0":{"start":{"line":5,"column":13},"end":{"line":17,"column":1}},"1":{"start":{"line":7,"column":4},"end":{"line":9,"column":11}},"2":{"start":{"line":8,"column":8},"end":{"line":8,"column":30}},"3":{"start":{"line":11,"column":4},"end":{"line":16,"column":6}}},"fnMap":{"0":{"name":"(anonymous_0)","decl":{"start":{"line":5,"column":13},"end":{"line":5,"column":14}},"loc":{"start":{"line":5,"column":19},"end":{"line":17,"column":1}},"line":5},"1":{"name":"(anonymous_1)","decl":{"start":{"line":7,"column":14},"end":{"line":7,"column":15}},"loc":{"start":{"line":7,"column":20},"end":{"line":9,"column":5}},"line":7}},"branchMap":{},"s":{"0":1,"1":0,"2":0,"3":0},"f":{"0":0,"1":0},"b":{},"_coverageSchema":"1a1c01bbd47fc00a2c39e90264f33305004495a9","hash":"bed2ab5e96b28f2e4ab558f1b77808eb1568de9b"}
}
