{"/Users/khalifabeye/Development/personal/quraysh/src/App.jsx": {"path":"/Users/khalifabeye/Development/personal/quraysh/src/App.jsx","statementMap":{"0":{"start":{"line":14,"column":21},"end":{"line":14,"column":40}},"1":{"start":{"line":16,"column":24},"end":{"line":16,"column":54}},"2":{"start":{"line":16,"column":30},"end":{"line":16,"column":54}},"3":{"start":{"line":19,"column":31},"end":{"line":19,"column":44}},"4":{"start":{"line":20,"column":18},"end":{"line":20,"column":28}},"5":{"start":{"line":22,"column":4},"end":{"line":38,"column":32}},"6":{"start":{"line":23,"column":8},"end":{"line":37,"column":9}},"7":{"start":{"line":25,"column":12},"end":{"line":33,"column":13}},"8":{"start":{"line":26,"column":32},"end":{"line":26,"column":78}},"9":{"start":{"line":27,"column":16},"end":{"line":29,"column":17}},"10":{"start":{"line":28,"column":20},"end":{"line":28,"column":59}},"11":{"start":{"line":32,"column":17},"end":{"line":32,"column":56}},"12":{"start":{"line":36,"column":12},"end":{"line":36,"column":45}},"13":{"start":{"line":36,"column":23},"end":{"line":36,"column":45}},"14":{"start":{"line":40,"column":4},"end":{"line":40,"column":16}},"15":{"start":{"line":44,"column":30},"end":{"line":44,"column":44}},"16":{"start":{"line":46,"column":4},"end":{"line":70,"column":11}},"17":{"start":{"line":47,"column":25},"end":{"line":56,"column":10}},"18":{"start":{"line":49,"column":27},"end":{"line":49,"column":68}},"19":{"start":{"line":58,"column":8},"end":{"line":58,"column":27}},"20":{"start":{"line":61,"column":12},"end":{"line":61,"column":31}},"21":{"start":{"line":62,"column":12},"end":{"line":62,"column":39}},"22":{"start":{"line":65,"column":8},"end":{"line":65,"column":35}},"23":{"start":{"line":67,"column":8},"end":{"line":69,"column":10}},"24":{"start":{"line":68,"column":12},"end":{"line":68,"column":31}},"25":{"start":{"line":72,"column":4},"end":{"line":85,"column":6}},"26":{"start":{"line":88,"column":2},"end":{"line":93,"column":4}}},"fnMap":{"0":{"name":"(anonymous_0)","decl":{"start":{"line":16,"column":24},"end":{"line":16,"column":25}},"loc":{"start":{"line":16,"column":30},"end":{"line":16,"column":54}},"line":16},"1":{"name":"ScrollToHashElement","decl":{"start":{"line":18,"column":9},"end":{"line":18,"column":28}},"loc":{"start":{"line":18,"column":31},"end":{"line":41,"column":1}},"line":18},"2":{"name":"(anonymous_2)","decl":{"start":{"line":22,"column":14},"end":{"line":22,"column":15}},"loc":{"start":{"line":22,"column":20},"end":{"line":38,"column":5}},"line":22},"3":{"name":"AppContent","decl":{"start":{"line":43,"column":9},"end":{"line":43,"column":19}},"loc":{"start":{"line":43,"column":22},"end":{"line":86,"column":1}},"line":43},"4":{"name":"(anonymous_4)","decl":{"start":{"line":46,"column":14},"end":{"line":46,"column":15}},"loc":{"start":{"line":46,"column":20},"end":{"line":70,"column":5}},"line":46},"5":{"name":"(anonymous_5)","decl":{"start":{"line":49,"column":20},"end":{"line":49,"column":21}},"loc":{"start":{"line":49,"column":27},"end":{"line":49,"column":68}},"line":49},"6":{"name":"raf","decl":{"start":{"line":60,"column":17},"end":{"line":60,"column":20}},"loc":{"start":{"line":60,"column":27},"end":{"line":63,"column":9}},"line":60},"7":{"name":"(anonymous_7)","decl":{"start":{"line":67,"column":15},"end":{"line":67,"column":16}},"loc":{"start":{"line":67,"column":21},"end":{"line":69,"column":9}},"line":67},"8":{"name":"App","decl":{"start":{"line":87,"column":9},"end":{"line":87,"column":12}},"loc":{"start":{"line":87,"column":15},"end":{"line":94,"column":1}},"line":87}},"branchMap":{"0":{"loc":{"start":{"line":23,"column":8},"end":{"line":37,"column":9}},"type":"if","locations":[{"start":{"line":23,"column":8},"end":{"line":37,"column":9}},{"start":{"line":34,"column":15},"end":{"line":37,"column":9}}],"line":23},"1":{"loc":{"start":{"line":25,"column":12},"end":{"line":33,"column":13}},"type":"if","locations":[{"start":{"line":25,"column":12},"end":{"line":33,"column":13}},{"start":{"line":30,"column":19},"end":{"line":33,"column":13}}],"line":25},"2":{"loc":{"start":{"line":27,"column":16},"end":{"line":29,"column":17}},"type":"if","locations":[{"start":{"line":27,"column":16},"end":{"line":29,"column":17}},{"start":{},"end":{}}],"line":27},"3":{"loc":{"start":{"line":36,"column":12},"end":{"line":36,"column":45}},"type":"if","locations":[{"start":{"line":36,"column":12},"end":{"line":36,"column":45}},{"start":{},"end":{}}],"line":36}},"s":{"0":1,"1":1,"2":2,"3":2,"4":2,"5":2,"6":2,"7":1,"8":0,"9":0,"10":0,"11":1,"12":1,"13":1,"14":2,"15":2,"16":2,"17":1,"18":0,"19":1,"20":0,"21":0,"22":1,"23":1,"24":1,"25":2,"26":1},"f":{"0":2,"1":2,"2":2,"3":2,"4":1,"5":0,"6":0,"7":1,"8":1},"b":{"0":[1,1],"1":[0,1],"2":[0,0],"3":[1,0]},"_coverageSchema":"1a1c01bbd47fc00a2c39e90264f33305004495a9","hash":"b70c196f4bc1e0a87f73f023ad8e24348da5e118"}
,"/Users/khalifabeye/Development/personal/quraysh/src/components/institutional/InstContact.jsx": {"path":"/Users/khalifabeye/Development/personal/quraysh/src/components/institutional/InstContact.jsx","statementMap":{"0":{"start":{"line":6,"column":20},"end":{"line":34,"column":1}},"1":{"start":{"line":7,"column":18},"end":{"line":7,"column":34}},"2":{"start":{"line":9,"column":2},"end":{"line":33,"column":4}}},"fnMap":{"0":{"name":"(anonymous_0)","decl":{"start":{"line":6,"column":20},"end":{"line":6,"column":21}},"loc":{"start":{"line":6,"column":26},"end":{"line":34,"column":1}},"line":6}},"branchMap":{},"s":{"0":1,"1":2,"2":2},"f":{"0":2},"b":{},"_coverageSchema":"1a1c01bbd47fc00a2c39e90264f33305004495a9","hash":"5dc8aa4da2ce2cc1a7d0b2cc3b8fd512ecdb76c0"}
,"/Users/khalifabeye/Development/personal/quraysh/src/components/institutional/InstDiscipline.jsx": {"path":"/Users/khalifabeye/Development/personal/quraysh/src/components/institutional/InstDiscipline.jsx","statementMap":{"0":{"start":{"line":6,"column":23},"end":{"line":50,"column":1}},"1":{"start":{"line":7,"column":16},"end":{"line":7,"column":32}},"2":{"start":{"line":9,"column":2},"end":{"line":49,"column":4}},"3":{"start":{"line":20,"column":20},"end":{"line":44,"column":33}}},"fnMap":{"0":{"name":"(anonymous_0)","decl":{"start":{"line":6,"column":23},"end":{"line":6,"column":24}},"loc":{"start":{"line":6,"column":29},"end":{"line":50,"column":1}},"line":6},"1":{"name":"(anonymous_1)","decl":{"start":{"line":19,"column":76},"end":{"line":19,"column":77}},"loc":{"start":{"line":20,"column":20},"end":{"line":44,"column":33}},"line":20}},"branchMap":{"0":{"loc":{"start":{"line":19,"column":18},"end":{"line":19,"column":70}},"type":"binary-expr","locations":[{"start":{"line":19,"column":18},"end":{"line":19,"column":64}},{"start":{"line":19,"column":68},"end":{"line":19,"column":70}}],"line":19}},"s":{"0":1,"1":2,"2":2,"3":0},"f":{"0":2,"1":0},"b":{"0":[2,0]},"_coverageSchema":"1a1c01bbd47fc00a2c39e90264f33305004495a9","hash":"3bc0be028ef409d0c68e7758223dc9e74300076e"}
,"/Users/khalifabeye/Development/personal/quraysh/src/components/institutional/InstFooter.jsx": {"path":"/Users/khalifabeye/Development/personal/quraysh/src/components/institutional/InstFooter.jsx","statementMap":{"0":{"start":{"line":5,"column":19},"end":{"line":90,"column":1}},"1":{"start":{"line":6,"column":16},"end":{"line":6,"column":32}},"2":{"start":{"line":8,"column":22},"end":{"line":24,"column":3}},"3":{"start":{"line":10,"column":6},"end":{"line":10,"column":107}},"4":{"start":{"line":10,"column":92},"end":{"line":10,"column":107}},"5":{"start":{"line":11,"column":6},"end":{"line":11,"column":77}},"6":{"start":{"line":11,"column":56},"end":{"line":11,"column":77}},"7":{"start":{"line":12,"column":6},"end":{"line":12,"column":73}},"8":{"start":{"line":12,"column":52},"end":{"line":12,"column":73}},"9":{"start":{"line":13,"column":6},"end":{"line":13,"column":53}},"10":{"start":{"line":13,"column":32},"end":{"line":13,"column":53}},"11":{"start":{"line":14,"column":6},"end":{"line":14,"column":75}},"12":{"start":{"line":14,"column":57},"end":{"line":14,"column":75}},"13":{"start":{"line":17,"column":6},"end":{"line":17,"column":64}},"14":{"start":{"line":17,"column":36},"end":{"line":17,"column":64}},"15":{"start":{"line":18,"column":6},"end":{"line":18,"column":58}},"16":{"start":{"line":18,"column":33},"end":{"line":18,"column":58}},"17":{"start":{"line":19,"column":6},"end":{"line":19,"column":66}},"18":{"start":{"line":19,"column":37},"end":{"line":19,"column":66}},"19":{"start":{"line":20,"column":6},"end":{"line":20,"column":62}},"20":{"start":{"line":20,"column":35},"end":{"line":20,"column":62}},"21":{"start":{"line":21,"column":6},"end":{"line":21,"column":70}},"22":{"start":{"line":21,"column":39},"end":{"line":21,"column":70}},"23":{"start":{"line":23,"column":6},"end":{"line":23,"column":17}},"24":{"start":{"line":26,"column":21},"end":{"line":32,"column":3}},"25":{"start":{"line":27,"column":19},"end":{"line":27,"column":36}},"26":{"start":{"line":28,"column":6},"end":{"line":30,"column":7}},"27":{"start":{"line":29,"column":12},"end":{"line":29,"column":96}},"28":{"start":{"line":31,"column":6},"end":{"line":31,"column":86}},"29":{"start":{"line":34,"column":2},"end":{"line":89,"column":4}},"30":{"start":{"line":60,"column":32},"end":{"line":60,"column":75}},"31":{"start":{"line":68,"column":32},"end":{"line":68,"column":75}},"32":{"start":{"line":76,"column":32},"end":{"line":76,"column":75}}},"fnMap":{"0":{"name":"(anonymous_0)","decl":{"start":{"line":5,"column":19},"end":{"line":5,"column":20}},"loc":{"start":{"line":5,"column":25},"end":{"line":90,"column":1}},"line":5},"1":{"name":"(anonymous_1)","decl":{"start":{"line":8,"column":22},"end":{"line":8,"column":23}},"loc":{"start":{"line":8,"column":32},"end":{"line":24,"column":3}},"line":8},"2":{"name":"(anonymous_2)","decl":{"start":{"line":26,"column":21},"end":{"line":26,"column":22}},"loc":{"start":{"line":26,"column":35},"end":{"line":32,"column":3}},"line":26},"3":{"name":"(anonymous_3)","decl":{"start":{"line":59,"column":102},"end":{"line":59,"column":103}},"loc":{"start":{"line":60,"column":32},"end":{"line":60,"column":75}},"line":60},"4":{"name":"(anonymous_4)","decl":{"start":{"line":67,"column":102},"end":{"line":67,"column":103}},"loc":{"start":{"line":68,"column":32},"end":{"line":68,"column":75}},"line":68},"5":{"name":"(anonymous_5)","decl":{"start":{"line":75,"column":99},"end":{"line":75,"column":100}},"loc":{"start":{"line":76,"column":32},"end":{"line":76,"column":75}},"line":76}},"branchMap":{"0":{"loc":{"start":{"line":10,"column":6},"end":{"line":10,"column":107}},"type":"if","locations":[{"start":{"line":10,"column":6},"end":{"line":10,"column":107}},{"start":{},"end":{}}],"line":10},"1":{"loc":{"start":{"line":10,"column":10},"end":{"line":10,"column":90}},"type":"binary-expr","locations":[{"start":{"line":10,"column":10},"end":{"line":10,"column":25}},{"start":{"line":10,"column":29},"end":{"line":10,"column":48}},{"start":{"line":10,"column":52},"end":{"line":10,"column":69}},{"start":{"line":10,"column":73},"end":{"line":10,"column":90}}],"line":10},"2":{"loc":{"start":{"line":11,"column":6},"end":{"line":11,"column":77}},"type":"if","locations":[{"start":{"line":11,"column":6},"end":{"line":11,"column":77}},{"start":{},"end":{}}],"line":11},"3":{"loc":{"start":{"line":11,"column":10},"end":{"line":11,"column":54}},"type":"binary-expr","locations":[{"start":{"line":11,"column":10},"end":{"line":11,"column":30}},{"start":{"line":11,"column":34},"end":{"line":11,"column":54}}],"line":11},"4":{"loc":{"start":{"line":12,"column":6},"end":{"line":12,"column":73}},"type":"if","locations":[{"start":{"line":12,"column":6},"end":{"line":12,"column":73}},{"start":{},"end":{}}],"line":12},"5":{"loc":{"start":{"line":12,"column":10},"end":{"line":12,"column":50}},"type":"binary-expr","locations":[{"start":{"line":12,"column":10},"end":{"line":12,"column":30}},{"start":{"line":12,"column":34},"end":{"line":12,"column":50}}],"line":12},"6":{"loc":{"start":{"line":13,"column":6},"end":{"line":13,"column":53}},"type":"if","locations":[{"start":{"line":13,"column":6},"end":{"line":13,"column":53}},{"start":{},"end":{}}],"line":13},"7":{"loc":{"start":{"line":14,"column":6},"end":{"line":14,"column":75}},"type":"if","locations":[{"start":{"line":14,"column":6},"end":{"line":14,"column":75}},{"start":{},"end":{}}],"line":14},"8":{"loc":{"start":{"line":14,"column":10},"end":{"line":14,"column":55}},"type":"binary-expr","locations":[{"start":{"line":14,"column":10},"end":{"line":14,"column":28}},{"start":{"line":14,"column":32},"end":{"line":14,"column":55}}],"line":14},"9":{"loc":{"start":{"line":17,"column":6},"end":{"line":17,"column":64}},"type":"if","locations":[{"start":{"line":17,"column":6},"end":{"line":17,"column":64}},{"start":{},"end":{}}],"line":17},"10":{"loc":{"start":{"line":18,"column":6},"end":{"line":18,"column":58}},"type":"if","locations":[{"start":{"line":18,"column":6},"end":{"line":18,"column":58}},{"start":{},"end":{}}],"line":18},"11":{"loc":{"start":{"line":19,"column":6},"end":{"line":19,"column":66}},"type":"if","locations":[{"start":{"line":19,"column":6},"end":{"line":19,"column":66}},{"start":{},"end":{}}],"line":19},"12":{"loc":{"start":{"line":20,"column":6},"end":{"line":20,"column":62}},"type":"if","locations":[{"start":{"line":20,"column":6},"end":{"line":20,"column":62}},{"start":{},"end":{}}],"line":20},"13":{"loc":{"start":{"line":21,"column":6},"end":{"line":21,"column":70}},"type":"if","locations":[{"start":{"line":21,"column":6},"end":{"line":21,"column":70}},{"start":{},"end":{}}],"line":21},"14":{"loc":{"start":{"line":28,"column":6},"end":{"line":30,"column":7}},"type":"if","locations":[{"start":{"line":28,"column":6},"end":{"line":30,"column":7}},{"start":{},"end":{}}],"line":28},"15":{"loc":{"start":{"line":59,"column":30},"end":{"line":59,"column":96}},"type":"binary-expr","locations":[{"start":{"line":59,"column":30},"end":{"line":59,"column":90}},{"start":{"line":59,"column":94},"end":{"line":59,"column":96}}],"line":59},"16":{"loc":{"start":{"line":67,"column":30},"end":{"line":67,"column":96}},"type":"binary-expr","locations":[{"start":{"line":67,"column":30},"end":{"line":67,"column":90}},{"start":{"line":67,"column":94},"end":{"line":67,"column":96}}],"line":67},"17":{"loc":{"start":{"line":75,"column":30},"end":{"line":75,"column":93}},"type":"binary-expr","locations":[{"start":{"line":75,"column":30},"end":{"line":75,"column":87}},{"start":{"line":75,"column":91},"end":{"line":75,"column":93}}],"line":75}},"s":{"0":1,"1":2,"2":2,"3":0,"4":0,"5":0,"6":0,"7":0,"8":0,"9":0,"10":0,"11":0,"12":0,"13":0,"14":0,"15":0,"16":0,"17":0,"18":0,"19":0,"20":0,"21":0,"22":0,"23":0,"24":2,"25":0,"26":0,"27":0,"28":0,"29":2,"30":0,"31":0,"32":0},"f":{"0":2,"1":0,"2":0,"3":0,"4":0,"5":0},"b":{"0":[0,0],"1":[0,0,0,0],"2":[0,0],"3":[0,0],"4":[0,0],"5":[0,0],"6":[0,0],"7":[0,0],"8":[0,0],"9":[0,0],"10":[0,0],"11":[0,0],"12":[0,0],"13":[0,0],"14":[0,0],"15":[2,0],"16":[2,0],"17":[2,0]},"_coverageSchema":"1a1c01bbd47fc00a2c39e90264f33305004495a9","hash":"3d65e68496cad25ee04476385f2302b8f2037c7c"}
,"/Users/khalifabeye/Development/personal/quraysh/src/components/institutional/InstHeader.jsx": {"path":"/Users/khalifabeye/Development/personal/quraysh/src/components/institutional/InstHeader.jsx","statementMap":{"0":{"start":{"line":9,"column":19},"end":{"line":56,"column":1}},"1":{"start":{"line":10,"column":24},"end":{"line":10,"column":40}},"2":{"start":{"line":11,"column":36},"end":{"line":11,"column":51}},"3":{"start":{"line":13,"column":4},"end":{"line":19,"column":11}},"4":{"start":{"line":14,"column":29},"end":{"line":16,"column":9}},"5":{"start":{"line":15,"column":13},"end":{"line":15,"column":46}},"6":{"start":{"line":17,"column":8},"end":{"line":17,"column":56}},"7":{"start":{"line":18,"column":8},"end":{"line":18,"column":72}},"8":{"start":{"line":18,"column":21},"end":{"line":18,"column":71}},"9":{"start":{"line":21,"column":4},"end":{"line":55,"column":6}}},"fnMap":{"0":{"name":"(anonymous_0)","decl":{"start":{"line":9,"column":19},"end":{"line":9,"column":20}},"loc":{"start":{"line":9,"column":25},"end":{"line":56,"column":1}},"line":9},"1":{"name":"(anonymous_1)","decl":{"start":{"line":13,"column":14},"end":{"line":13,"column":15}},"loc":{"start":{"line":13,"column":20},"end":{"line":19,"column":5}},"line":13},"2":{"name":"(anonymous_2)","decl":{"start":{"line":14,"column":29},"end":{"line":14,"column":30}},"loc":{"start":{"line":14,"column":35},"end":{"line":16,"column":9}},"line":14},"3":{"name":"(anonymous_3)","decl":{"start":{"line":18,"column":15},"end":{"line":18,"column":16}},"loc":{"start":{"line":18,"column":21},"end":{"line":18,"column":71}},"line":18}},"branchMap":{"0":{"loc":{"start":{"line":26,"column":89},"end":{"line":26,"column":194}},"type":"cond-expr","locations":[{"start":{"line":26,"column":100},"end":{"line":26,"column":170}},{"start":{"line":26,"column":173},"end":{"line":26,"column":194}}],"line":26},"1":{"loc":{"start":{"line":41,"column":128},"end":{"line":41,"column":151}},"type":"binary-expr","locations":[{"start":{"line":41,"column":128},"end":{"line":41,"column":141}},{"start":{"line":41,"column":145},"end":{"line":41,"column":151}}],"line":41}},"s":{"0":1,"1":2,"2":2,"3":2,"4":1,"5":0,"6":1,"7":1,"8":1,"9":2},"f":{"0":2,"1":1,"2":0,"3":1},"b":{"0":[0,2],"1":[2,0]},"_coverageSchema":"1a1c01bbd47fc00a2c39e90264f33305004495a9","hash":"4e602b1839081033d6671846635e14a714b5aeba"}
,"/Users/khalifabeye/Development/personal/quraysh/src/components/institutional/InstHero.jsx": {"path":"/Users/khalifabeye/Development/personal/quraysh/src/components/institutional/InstHero.jsx","statementMap":{"0":{"start":{"line":7,"column":17},"end":{"line":70,"column":1}},"1":{"start":{"line":8,"column":16},"end":{"line":8,"column":32}},"2":{"start":{"line":10,"column":2},"end":{"line":69,"column":4}}},"fnMap":{"0":{"name":"(anonymous_0)","decl":{"start":{"line":7,"column":17},"end":{"line":7,"column":18}},"loc":{"start":{"line":7,"column":23},"end":{"line":70,"column":1}},"line":7}},"branchMap":{},"s":{"0":1,"1":2,"2":2},"f":{"0":2},"b":{},"_coverageSchema":"1a1c01bbd47fc00a2c39e90264f33305004495a9","hash":"2fdacc6ce413f352930ecb377dc1fced02096abe"}
,"/Users/khalifabeye/Development/personal/quraysh/src/components/institutional/InstImpact.jsx": {"path":"/Users/khalifabeye/Development/personal/quraysh/src/components/institutional/InstImpact.jsx","statementMap":{"0":{"start":{"line":8,"column":19},"end":{"line":87,"column":1}},"1":{"start":{"line":9,"column":18},"end":{"line":9,"column":34}},"2":{"start":{"line":10,"column":22},"end":{"line":10,"column":34}},"3":{"start":{"line":11,"column":32},"end":{"line":13,"column":6}},"4":{"start":{"line":16,"column":14},"end":{"line":16,"column":67}},"5":{"start":{"line":18,"column":22},"end":{"line":18,"column":74}},"6":{"start":{"line":20,"column":4},"end":{"line":86,"column":6}},"7":{"start":{"line":56,"column":28},"end":{"line":80,"column":35}}},"fnMap":{"0":{"name":"(anonymous_0)","decl":{"start":{"line":8,"column":19},"end":{"line":8,"column":20}},"loc":{"start":{"line":8,"column":25},"end":{"line":87,"column":1}},"line":8},"1":{"name":"(anonymous_1)","decl":{"start":{"line":55,"column":39},"end":{"line":55,"column":40}},"loc":{"start":{"line":56,"column":28},"end":{"line":80,"column":35}},"line":56}},"branchMap":{"0":{"loc":{"start":{"line":18,"column":22},"end":{"line":18,"column":74}},"type":"binary-expr","locations":[{"start":{"line":18,"column":22},"end":{"line":18,"column":68}},{"start":{"line":18,"column":72},"end":{"line":18,"column":74}}],"line":18}},"s":{"0":1,"1":2,"2":2,"3":2,"4":2,"5":2,"6":2,"7":0},"f":{"0":2,"1":0},"b":{"0":[2,0]},"_coverageSchema":"1a1c01bbd47fc00a2c39e90264f33305004495a9","hash":"ef6a47402e8ad0cad0f91aeb62fd1ccdd825e142"}
,"/Users/khalifabeye/Development/personal/quraysh/src/components/institutional/InstManifesto.jsx": {"path":"/Users/khalifabeye/Development/personal/quraysh/src/components/institutional/InstManifesto.jsx","statementMap":{"0":{"start":{"line":5,"column":22},"end":{"line":57,"column":1}},"1":{"start":{"line":6,"column":18},"end":{"line":6,"column":34}},"2":{"start":{"line":7,"column":22},"end":{"line":7,"column":34}},"3":{"start":{"line":8,"column":32},"end":{"line":11,"column":6}},"4":{"start":{"line":13,"column":14},"end":{"line":13,"column":62}},"5":{"start":{"line":15,"column":19},"end":{"line":15,"column":71}},"6":{"start":{"line":17,"column":4},"end":{"line":56,"column":6}},"7":{"start":{"line":37,"column":28},"end":{"line":50,"column":41}}},"fnMap":{"0":{"name":"(anonymous_0)","decl":{"start":{"line":5,"column":22},"end":{"line":5,"column":23}},"loc":{"start":{"line":5,"column":28},"end":{"line":57,"column":1}},"line":5},"1":{"name":"(anonymous_1)","decl":{"start":{"line":36,"column":36},"end":{"line":36,"column":37}},"loc":{"start":{"line":37,"column":28},"end":{"line":50,"column":41}},"line":37}},"branchMap":{"0":{"loc":{"start":{"line":15,"column":19},"end":{"line":15,"column":71}},"type":"binary-expr","locations":[{"start":{"line":15,"column":19},"end":{"line":15,"column":65}},{"start":{"line":15,"column":69},"end":{"line":15,"column":71}}],"line":15}},"s":{"0":1,"1":2,"2":2,"3":2,"4":2,"5":2,"6":2,"7":0},"f":{"0":2,"1":0},"b":{"0":[2,0]},"_coverageSchema":"1a1c01bbd47fc00a2c39e90264f33305004495a9","hash":"3fe63a5fba772e21a78e683e56ff11a9389f717f"}
,"/Users/khalifabeye/Development/personal/quraysh/src/components/institutional/InstOffers.jsx": {"path":"/Users/khalifabeye/Development/personal/quraysh/src/components/institutional/InstOffers.jsx","statementMap":{"0":{"start":{"line":10,"column":15},"end":{"line":15,"column":1}},"1":{"start":{"line":17,"column":19},"end":{"line":79,"column":1}},"2":{"start":{"line":18,"column":18},"end":{"line":18,"column":34}},"3":{"start":{"line":19,"column":18},"end":{"line":19,"column":66}},"4":{"start":{"line":21,"column":4},"end":{"line":78,"column":4}},"5":{"start":{"line":37,"column":17},"end":{"line":74,"column":23}}},"fnMap":{"0":{"name":"(anonymous_0)","decl":{"start":{"line":17,"column":19},"end":{"line":17,"column":20}},"loc":{"start":{"line":17,"column":25},"end":{"line":79,"column":1}},"line":17},"1":{"name":"(anonymous_1)","decl":{"start":{"line":36,"column":24},"end":{"line":36,"column":25}},"loc":{"start":{"line":37,"column":17},"end":{"line":74,"column":23}},"line":37}},"branchMap":{"0":{"loc":{"start":{"line":19,"column":18},"end":{"line":19,"column":66}},"type":"binary-expr","locations":[{"start":{"line":19,"column":18},"end":{"line":19,"column":60}},{"start":{"line":19,"column":64},"end":{"line":19,"column":66}}],"line":19},"1":{"loc":{"start":{"line":41,"column":26},"end":{"line":41,"column":107}},"type":"cond-expr","locations":[{"start":{"line":41,"column":42},"end":{"line":41,"column":102}},{"start":{"line":41,"column":105},"end":{"line":41,"column":107}}],"line":41},"2":{"loc":{"start":{"line":42,"column":26},"end":{"line":42,"column":106}},"type":"cond-expr","locations":[{"start":{"line":42,"column":58},"end":{"line":42,"column":101}},{"start":{"line":42,"column":104},"end":{"line":42,"column":106}}],"line":42},"3":{"loc":{"start":{"line":42,"column":26},"end":{"line":42,"column":55}},"type":"binary-expr","locations":[{"start":{"line":42,"column":26},"end":{"line":42,"column":40}},{"start":{"line":42,"column":44},"end":{"line":42,"column":55}}],"line":42},"4":{"loc":{"start":{"line":43,"column":26},"end":{"line":43,"column":88}},"type":"cond-expr","locations":[{"start":{"line":43,"column":40},"end":{"line":43,"column":83}},{"start":{"line":43,"column":86},"end":{"line":43,"column":88}}],"line":43},"5":{"loc":{"start":{"line":59,"column":26},"end":{"line":63,"column":26}},"type":"binary-expr","locations":[{"start":{"line":59,"column":26},"end":{"line":59,"column":39}},{"start":{"line":60,"column":29},"end":{"line":62,"column":35}}],"line":59}},"s":{"0":1,"1":1,"2":2,"3":2,"4":2,"5":0},"f":{"0":2,"1":0},"b":{"0":[2,0],"1":[0,0],"2":[0,0],"3":[0,0],"4":[0,0],"5":[0,0]},"_coverageSchema":"1a1c01bbd47fc00a2c39e90264f33305004495a9","hash":"f8d8a72d32f81c0c251eeb0db05e3ce53f54eda2"}
,"/Users/khalifabeye/Development/personal/quraysh/src/components/institutional/InstPartners.jsx": {"path":"/Users/khalifabeye/Development/personal/quraysh/src/components/institutional/InstPartners.jsx","statementMap":{"0":{"start":{"line":5,"column":21},"end":{"line":64,"column":1}},"1":{"start":{"line":6,"column":18},"end":{"line":6,"column":34}},"2":{"start":{"line":7,"column":25},"end":{"line":14,"column":5}},"3":{"start":{"line":16,"column":4},"end":{"line":63,"column":6}},"4":{"start":{"line":45,"column":24},"end":{"line":58,"column":30}}},"fnMap":{"0":{"name":"(anonymous_0)","decl":{"start":{"line":5,"column":21},"end":{"line":5,"column":22}},"loc":{"start":{"line":5,"column":27},"end":{"line":64,"column":1}},"line":5},"1":{"name":"(anonymous_1)","decl":{"start":{"line":44,"column":94},"end":{"line":44,"column":95}},"loc":{"start":{"line":45,"column":24},"end":{"line":58,"column":30}},"line":45}},"branchMap":{"0":{"loc":{"start":{"line":55,"column":61},"end":{"line":55,"column":76}},"type":"binary-expr","locations":[{"start":{"line":55,"column":61},"end":{"line":55,"column":71}},{"start":{"line":55,"column":75},"end":{"line":55,"column":76}}],"line":55}},"s":{"0":1,"1":2,"2":2,"3":2,"4":48},"f":{"0":2,"1":48},"b":{"0":[48,0]},"_coverageSchema":"1a1c01bbd47fc00a2c39e90264f33305004495a9","hash":"fe12ee31e5f5a6d64e506bb8af840ea5ff64559b"}
,"/Users/khalifabeye/Development/personal/quraysh/src/components/institutional/InstQuote.jsx": {"path":"/Users/khalifabeye/Development/personal/quraysh/src/components/institutional/InstQuote.jsx","statementMap":{"0":{"start":{"line":7,"column":18},"end":{"line":65,"column":1}},"1":{"start":{"line":8,"column":16},"end":{"line":8,"column":32}},"2":{"start":{"line":10,"column":2},"end":{"line":64,"column":4}}},"fnMap":{"0":{"name":"(anonymous_0)","decl":{"start":{"line":7,"column":18},"end":{"line":7,"column":19}},"loc":{"start":{"line":7,"column":24},"end":{"line":65,"column":1}},"line":7}},"branchMap":{},"s":{"0":1,"1":2,"2":2},"f":{"0":2},"b":{},"_coverageSchema":"1a1c01bbd47fc00a2c39e90264f33305004495a9","hash":"5cee9aeeb620333cc578c869c65c60bc20080fa8"}
,"/Users/khalifabeye/Development/personal/quraysh/src/components/institutional/InstTeam.jsx": {"path":"/Users/khalifabeye/Development/personal/quraysh/src/components/institutional/InstTeam.jsx","statementMap":{"0":{"start":{"line":7,"column":17},"end":{"line":99,"column":1}},"1":{"start":{"line":8,"column":18},"end":{"line":8,"column":34}},"2":{"start":{"line":9,"column":17},"end":{"line":9,"column":64}},"3":{"start":{"line":11,"column":26},"end":{"line":19,"column":5}},"4":{"start":{"line":21,"column":21},"end":{"line":24,"column":5}},"5":{"start":{"line":26,"column":4},"end":{"line":98,"column":6}},"6":{"start":{"line":50,"column":20},"end":{"line":94,"column":33}},"7":{"start":{"line":74,"column":36},"end":{"line":76,"column":43}}},"fnMap":{"0":{"name":"(anonymous_0)","decl":{"start":{"line":7,"column":17},"end":{"line":7,"column":18}},"loc":{"start":{"line":7,"column":23},"end":{"line":99,"column":1}},"line":7},"1":{"name":"(anonymous_1)","decl":{"start":{"line":49,"column":26},"end":{"line":49,"column":27}},"loc":{"start":{"line":50,"column":20},"end":{"line":94,"column":33}},"line":50},"2":{"name":"(anonymous_2)","decl":{"start":{"line":73,"column":96},"end":{"line":73,"column":97}},"loc":{"start":{"line":74,"column":36},"end":{"line":76,"column":43}},"line":74}},"branchMap":{"0":{"loc":{"start":{"line":9,"column":17},"end":{"line":9,"column":64}},"type":"binary-expr","locations":[{"start":{"line":9,"column":17},"end":{"line":9,"column":58}},{"start":{"line":9,"column":62},"end":{"line":9,"column":64}}],"line":9},"1":{"loc":{"start":{"line":73,"column":34},"end":{"line":73,"column":90}},"type":"cond-expr","locations":[{"start":{"line":73,"column":63},"end":{"line":73,"column":74}},{"start":{"line":73,"column":77},"end":{"line":73,"column":90}}],"line":73}},"s":{"0":1,"1":0,"2":0,"3":0,"4":0,"5":0,"6":0,"7":0},"f":{"0":0,"1":0,"2":0},"b":{"0":[0,0],"1":[0,0]},"_coverageSchema":"1a1c01bbd47fc00a2c39e90264f33305004495a9","hash":"41fe170ded11a7279409927c786712799433132e"}
,"/Users/khalifabeye/Development/personal/quraysh/src/components/ui/Button.jsx": {"path":"/Users/khalifabeye/Development/personal/quraysh/src/components/ui/Button.jsx","statementMap":{"0":{"start":{"line":3,"column":15},"end":{"line":20,"column":1}},"1":{"start":{"line":4,"column":21},"end":{"line":4,"column":154}},"2":{"start":{"line":6,"column":19},"end":{"line":10,"column":3}},"3":{"start":{"line":12,"column":2},"end":{"line":19,"column":4}}},"fnMap":{"0":{"name":"(anonymous_0)","decl":{"start":{"line":3,"column":15},"end":{"line":3,"column":16}},"loc":{"start":{"line":3,"column":80},"end":{"line":20,"column":1}},"line":3}},"branchMap":{"0":{"loc":{"start":{"line":3,"column":28},"end":{"line":3,"column":47}},"type":"default-arg","locations":[{"start":{"line":3,"column":38},"end":{"line":3,"column":47}}],"line":3},"1":{"loc":{"start":{"line":3,"column":49},"end":{"line":3,"column":63}},"type":"default-arg","locations":[{"start":{"line":3,"column":61},"end":{"line":3,"column":63}}],"line":3},"2":{"loc":{"start":{"line":14,"column":34},"end":{"line":14,"column":71}},"type":"binary-expr","locations":[{"start":{"line":14,"column":34},"end":{"line":14,"column":51}},{"start":{"line":14,"column":55},"end":{"line":14,"column":71}}],"line":14}},"s":{"0":1,"1":4,"2":4,"3":4},"f":{"0":4},"b":{"0":[0],"1":[0],"2":[4,0]},"_coverageSchema":"1a1c01bbd47fc00a2c39e90264f33305004495a9","hash":"986ca4fa24234985885e960a79fd37f23a864c74"}
,"/Users/khalifabeye/Development/personal/quraysh/src/components/ui/LanguageSelector.jsx": {"path":"/Users/khalifabeye/Development/personal/quraysh/src/components/ui/LanguageSelector.jsx","statementMap":{"0":{"start":{"line":6,"column":14},"end":{"line":31,"column":1}},"1":{"start":{"line":33,"column":25},"end":{"line":102,"column":1}},"2":{"start":{"line":34,"column":21},"end":{"line":34,"column":37}},"3":{"start":{"line":35,"column":32},"end":{"line":35,"column":47}},"4":{"start":{"line":36,"column":24},"end":{"line":36,"column":36}},"5":{"start":{"line":38,"column":24},"end":{"line":38,"column":37}},"6":{"start":{"line":40,"column":22},"end":{"line":43,"column":5}},"7":{"start":{"line":45,"column":24},"end":{"line":45,"column":85}},"8":{"start":{"line":45,"column":44},"end":{"line":45,"column":66}},"9":{"start":{"line":47,"column":4},"end":{"line":56,"column":11}},"10":{"start":{"line":48,"column":35},"end":{"line":52,"column":9}},"11":{"start":{"line":49,"column":12},"end":{"line":51,"column":13}},"12":{"start":{"line":50,"column":16},"end":{"line":50,"column":33}},"13":{"start":{"line":54,"column":8},"end":{"line":54,"column":67}},"14":{"start":{"line":55,"column":8},"end":{"line":55,"column":83}},"15":{"start":{"line":55,"column":21},"end":{"line":55,"column":82}},"16":{"start":{"line":58,"column":33},"end":{"line":61,"column":5}},"17":{"start":{"line":59,"column":8},"end":{"line":59,"column":38}},"18":{"start":{"line":60,"column":8},"end":{"line":60,"column":25}},"19":{"start":{"line":63,"column":4},"end":{"line":101,"column":6}},"20":{"start":{"line":66,"column":31},"end":{"line":66,"column":49}},"21":{"start":{"line":83,"column":28},"end":{"line":95,"column":37}},"22":{"start":{"line":85,"column":47},"end":{"line":85,"column":78}}},"fnMap":{"0":{"name":"(anonymous_0)","decl":{"start":{"line":33,"column":25},"end":{"line":33,"column":26}},"loc":{"start":{"line":33,"column":31},"end":{"line":102,"column":1}},"line":33},"1":{"name":"(anonymous_1)","decl":{"start":{"line":45,"column":39},"end":{"line":45,"column":40}},"loc":{"start":{"line":45,"column":44},"end":{"line":45,"column":66}},"line":45},"2":{"name":"(anonymous_2)","decl":{"start":{"line":47,"column":14},"end":{"line":47,"column":15}},"loc":{"start":{"line":47,"column":20},"end":{"line":56,"column":5}},"line":47},"3":{"name":"(anonymous_3)","decl":{"start":{"line":48,"column":35},"end":{"line":48,"column":36}},"loc":{"start":{"line":48,"column":46},"end":{"line":52,"column":9}},"line":48},"4":{"name":"(anonymous_4)","decl":{"start":{"line":55,"column":15},"end":{"line":55,"column":16}},"loc":{"start":{"line":55,"column":21},"end":{"line":55,"column":82}},"line":55},"5":{"name":"(anonymous_5)","decl":{"start":{"line":58,"column":33},"end":{"line":58,"column":34}},"loc":{"start":{"line":58,"column":47},"end":{"line":61,"column":5}},"line":58},"6":{"name":"(anonymous_6)","decl":{"start":{"line":66,"column":25},"end":{"line":66,"column":26}},"loc":{"start":{"line":66,"column":31},"end":{"line":66,"column":49}},"line":66},"7":{"name":"(anonymous_7)","decl":{"start":{"line":82,"column":39},"end":{"line":82,"column":40}},"loc":{"start":{"line":83,"column":28},"end":{"line":95,"column":37}},"line":83},"8":{"name":"(anonymous_8)","decl":{"start":{"line":85,"column":41},"end":{"line":85,"column":42}},"loc":{"start":{"line":85,"column":47},"end":{"line":85,"column":78}},"line":85}},"branchMap":{"0":{"loc":{"start":{"line":45,"column":24},"end":{"line":45,"column":85}},"type":"binary-expr","locations":[{"start":{"line":45,"column":24},"end":{"line":45,"column":73}},{"start":{"line":45,"column":77},"end":{"line":45,"column":85}}],"line":45},"1":{"loc":{"start":{"line":49,"column":12},"end":{"line":51,"column":13}},"type":"if","locations":[{"start":{"line":49,"column":12},"end":{"line":51,"column":13}},{"start":{},"end":{}}],"line":49},"2":{"loc":{"start":{"line":49,"column":16},"end":{"line":49,"column":82}},"type":"binary-expr","locations":[{"start":{"line":49,"column":16},"end":{"line":49,"column":35}},{"start":{"line":49,"column":39},"end":{"line":49,"column":82}}],"line":49},"3":{"loc":{"start":{"line":70,"column":99},"end":{"line":70,"column":125}},"type":"cond-expr","locations":[{"start":{"line":70,"column":108},"end":{"line":70,"column":120}},{"start":{"line":70,"column":123},"end":{"line":70,"column":125}}],"line":70},"4":{"loc":{"start":{"line":74,"column":17},"end":{"line":98,"column":17}},"type":"binary-expr","locations":[{"start":{"line":74,"column":17},"end":{"line":74,"column":23}},{"start":{"line":75,"column":20},"end":{"line":97,"column":33}}],"line":74},"5":{"loc":{"start":{"line":86,"column":130},"end":{"line":86,"column":178}},"type":"cond-expr","locations":[{"start":{"line":86,"column":158},"end":{"line":86,"column":173}},{"start":{"line":86,"column":176},"end":{"line":86,"column":178}}],"line":86},"6":{"loc":{"start":{"line":89,"column":64},"end":{"line":89,"column":122}},"type":"cond-expr","locations":[{"start":{"line":89,"column":92},"end":{"line":89,"column":104}},{"start":{"line":89,"column":107},"end":{"line":89,"column":122}}],"line":89},"7":{"loc":{"start":{"line":92,"column":33},"end":{"line":94,"column":33}},"type":"binary-expr","locations":[{"start":{"line":92,"column":33},"end":{"line":92,"column":58}},{"start":{"line":93,"column":36},"end":{"line":93,"column":101}}],"line":92}},"s":{"0":1,"1":1,"2":2,"3":2,"4":2,"5":2,"6":2,"7":2,"8":4,"9":2,"10":1,"11":0,"12":0,"13":1,"14":1,"15":1,"16":2,"17":0,"18":0,"19":2,"20":0,"21":0,"22":0},"f":{"0":2,"1":4,"2":1,"3":0,"4":1,"5":0,"6":0,"7":0,"8":0},"b":{"0":[2,2],"1":[0,0],"2":[0,0],"3":[0,2],"4":[2,0],"5":[0,0],"6":[0,0],"7":[0,0]},"_coverageSchema":"1a1c01bbd47fc00a2c39e90264f33305004495a9","hash":"4c03f68350b53c6af317edcb7b77de4a7b24c8a0"}
,"/Users/khalifabeye/Development/personal/quraysh/src/components/ui/Section.jsx": {"path":"/Users/khalifabeye/Development/personal/quraysh/src/components/ui/Section.jsx","statementMap":{"0":{"start":{"line":3,"column":16},"end":{"line":9,"column":1}},"1":{"start":{"line":4,"column":2},"end":{"line":8,"column":4}}},"fnMap":{"0":{"name":"(anonymous_0)","decl":{"start":{"line":3,"column":16},"end":{"line":3,"column":17}},"loc":{"start":{"line":3,"column":59},"end":{"line":9,"column":1}},"line":3}},"branchMap":{"0":{"loc":{"start":{"line":3,"column":29},"end":{"line":3,"column":43}},"type":"default-arg","locations":[{"start":{"line":3,"column":41},"end":{"line":3,"column":43}}],"line":3},"1":{"loc":{"start":{"line":3,"column":45},"end":{"line":3,"column":52}},"type":"default-arg","locations":[{"start":{"line":3,"column":50},"end":{"line":3,"column":52}}],"line":3}},"s":{"0":1,"1":10},"f":{"0":10},"b":{"0":[0],"1":[8]},"_coverageSchema":"1a1c01bbd47fc00a2c39e90264f33305004495a9","hash":"913012c2e7cf357118cd880f8029f6d4a8ff2482"}
,"/Users/khalifabeye/Development/personal/quraysh/src/pages/DivisionDetail.jsx": {"path":"/Users/khalifabeye/Development/personal/quraysh/src/pages/DivisionDetail.jsx","statementMap":{"0":{"start":{"line":9,"column":23},"end":{"line":110,"column":1}},"1":{"start":{"line":10,"column":19},"end":{"line":10,"column":30}},"2":{"start":{"line":11,"column":18},"end":{"line":11,"column":34}},"3":{"start":{"line":14,"column":17},"end":{"line":14,"column":76}},"4":{"start":{"line":17,"column":4},"end":{"line":24,"column":5}},"5":{"start":{"line":18,"column":8},"end":{"line":23,"column":10}},"6":{"start":{"line":26,"column":4},"end":{"line":109,"column":6}},"7":{"start":{"line":69,"column":36},"end":{"line":72,"column":41}},"8":{"start":{"line":87,"column":36},"end":{"line":90,"column":42}}},"fnMap":{"0":{"name":"(anonymous_0)","decl":{"start":{"line":9,"column":23},"end":{"line":9,"column":24}},"loc":{"start":{"line":9,"column":29},"end":{"line":110,"column":1}},"line":9},"1":{"name":"(anonymous_1)","decl":{"start":{"line":68,"column":59},"end":{"line":68,"column":60}},"loc":{"start":{"line":69,"column":36},"end":{"line":72,"column":41}},"line":69},"2":{"name":"(anonymous_2)","decl":{"start":{"line":86,"column":56},"end":{"line":86,"column":57}},"loc":{"start":{"line":87,"column":36},"end":{"line":90,"column":42}},"line":87}},"branchMap":{"0":{"loc":{"start":{"line":17,"column":4},"end":{"line":24,"column":5}},"type":"if","locations":[{"start":{"line":17,"column":4},"end":{"line":24,"column":5}},{"start":{},"end":{}}],"line":17},"1":{"loc":{"start":{"line":17,"column":8},"end":{"line":17,"column":41}},"type":"binary-expr","locations":[{"start":{"line":17,"column":8},"end":{"line":17,"column":13}},{"start":{"line":17,"column":17},"end":{"line":17,"column":41}}],"line":17},"2":{"loc":{"start":{"line":68,"column":34},"end":{"line":68,"column":53}},"type":"binary-expr","locations":[{"start":{"line":68,"column":34},"end":{"line":68,"column":47}},{"start":{"line":68,"column":51},"end":{"line":68,"column":53}}],"line":68},"3":{"loc":{"start":{"line":86,"column":34},"end":{"line":86,"column":50}},"type":"binary-expr","locations":[{"start":{"line":86,"column":34},"end":{"line":86,"column":44}},{"start":{"line":86,"column":48},"end":{"line":86,"column":50}}],"line":86}},"s":{"0":1,"1":0,"2":0,"3":0,"4":0,"5":0,"6":0,"7":0,"8":0},"f":{"0":0,"1":0,"2":0},"b":{"0":[0,0],"1":[0,0],"2":[0,0],"3":[0,0]},"_coverageSchema":"1a1c01bbd47fc00a2c39e90264f33305004495a9","hash":"7744d2b7d81ae7fbbd1f56457ab9be45cc797d43"}
,"/Users/khalifabeye/Development/personal/quraysh/src/pages/Home.jsx": {"path":"/Users/khalifabeye/Development/personal/quraysh/src/pages/Home.jsx","statementMap":{"0":{"start":{"line":11,"column":13},"end":{"line":24,"column":1}},"1":{"start":{"line":12,"column":4},"end":{"line":23,"column":6}}},"fnMap":{"0":{"name":"(anonymous_0)","decl":{"start":{"line":11,"column":13},"end":{"line":11,"column":14}},"loc":{"start":{"line":11,"column":19},"end":{"line":24,"column":1}},"line":11}},"branchMap":{},"s":{"0":1,"1":2},"f":{"0":2},"b":{},"_coverageSchema":"1a1c01bbd47fc00a2c39e90264f33305004495a9","hash":"2deb36e1cd7fd84ecc632ec7beebdc15b880e75d"}
,"/Users/khalifabeye/Development/personal/quraysh/src/pages/Team.jsx": {"path":"/Users/khalifabeye/Development/personal/quraysh/src/pages/Team.jsx","statementMap":{"0":{"start":{"line":5,"column":13},"end":{"line":17,"column":1}},"1":{"start":{"line":7,"column":4},"end":{"line":9,"column":11}},"2":{"start":{"line":8,"column":8},"end":{"line":8,"column":30}},"3":{"start":{"line":11,"column":4},"end":{"line":16,"column":6}}},"fnMap":{"0":{"name":"(anonymous_0)","decl":{"start":{"line":5,"column":13},"end":{"line":5,"column":14}},"loc":{"start":{"line":5,"column":19},"end":{"line":17,"column":1}},"line":5},"1":{"name":"(anonymous_1)","decl":{"start":{"line":7,"column":14},"end":{"line":7,"column":15}},"loc":{"start":{"line":7,"column":20},"end":{"line":9,"column":5}},"line":7}},"branchMap":{},"s":{"0":1,"1":0,"2":0,"3":0},"f":{"0":0,"1":0},"b":{},"_coverageSchema":"1a1c01bbd47fc00a2c39e90264f33305004495a9","hash":"06a4560fb395117c44285626e9e43a0a80d89b8a"}
}
