TN:
SF:src/App.jsx
FN:16,(anonymous_0)
FN:18,ScrollToHashElement
FN:22,(anonymous_2)
FN:43,AppContent
FN:46,(anonymous_4)
FN:49,(anonymous_5)
FN:60,raf
FN:67,(anonymous_7)
FN:87,App
FNF:9
FNH:7
FNDA:2,(anonymous_0)
FNDA:2,ScrollToHashElement
FNDA:2,(anonymous_2)
FNDA:2,AppContent
FNDA:1,(anonymous_4)
FNDA:0,(anonymous_5)
FNDA:0,raf
FNDA:1,(anonymous_7)
FNDA:1,App
DA:14,1
DA:16,2
DA:19,2
DA:20,2
DA:22,2
DA:23,2
DA:25,1
DA:26,0
DA:27,0
DA:28,0
DA:32,1
DA:36,1
DA:40,2
DA:44,2
DA:46,2
DA:47,1
DA:49,0
DA:58,1
DA:61,0
DA:62,0
DA:65,1
DA:67,1
DA:68,1
DA:72,2
DA:88,1
LF:25
LH:19
BRDA:23,0,0,1
BRDA:23,0,1,1
BRDA:25,1,0,0
BRDA:25,1,1,1
BRDA:27,2,0,0
BRDA:27,2,1,0
BRDA:36,3,0,1
BRDA:36,3,1,0
BRF:8
BRH:4
end_of_record
TN:
SF:src/components/institutional/InstContact.jsx
FN:6,(anonymous_0)
FNF:1
FNH:1
FNDA:2,(anonymous_0)
DA:6,1
DA:7,2
DA:9,2
LF:3
LH:3
BRF:0
BRH:0
end_of_record
TN:
SF:src/components/institutional/InstDiscipline.jsx
FN:6,(anonymous_0)
FN:19,(anonymous_1)
FNF:2
FNH:1
FNDA:2,(anonymous_0)
FNDA:0,(anonymous_1)
DA:6,1
DA:7,2
DA:9,2
DA:20,0
LF:4
LH:3
BRDA:19,0,0,2
BRDA:19,0,1,0
BRF:2
BRH:1
end_of_record
TN:
SF:src/components/institutional/InstFooter.jsx
FN:5,(anonymous_0)
FN:8,(anonymous_1)
FN:26,(anonymous_2)
FN:59,(anonymous_3)
FN:67,(anonymous_4)
FN:75,(anonymous_5)
FNF:6
FNH:1
FNDA:2,(anonymous_0)
FNDA:0,(anonymous_1)
FNDA:0,(anonymous_2)
FNDA:0,(anonymous_3)
FNDA:0,(anonymous_4)
FNDA:0,(anonymous_5)
DA:5,1
DA:6,2
DA:8,2
DA:10,0
DA:11,0
DA:12,0
DA:13,0
DA:14,0
DA:17,0
DA:18,0
DA:19,0
DA:20,0
DA:21,0
DA:23,0
DA:26,2
DA:27,0
DA:28,0
DA:29,0
DA:31,0
DA:34,2
DA:60,0
DA:68,0
DA:76,0
LF:23
LH:5
BRDA:10,0,0,0
BRDA:10,0,1,0
BRDA:10,1,0,0
BRDA:10,1,1,0
BRDA:10,1,2,0
BRDA:10,1,3,0
BRDA:11,2,0,0
BRDA:11,2,1,0
BRDA:11,3,0,0
BRDA:11,3,1,0
BRDA:12,4,0,0
BRDA:12,4,1,0
BRDA:12,5,0,0
BRDA:12,5,1,0
BRDA:13,6,0,0
BRDA:13,6,1,0
BRDA:14,7,0,0
BRDA:14,7,1,0
BRDA:14,8,0,0
BRDA:14,8,1,0
BRDA:17,9,0,0
BRDA:17,9,1,0
BRDA:18,10,0,0
BRDA:18,10,1,0
BRDA:19,11,0,0
BRDA:19,11,1,0
BRDA:20,12,0,0
BRDA:20,12,1,0
BRDA:21,13,0,0
BRDA:21,13,1,0
BRDA:28,14,0,0
BRDA:28,14,1,0
BRDA:59,15,0,2
BRDA:59,15,1,0
BRDA:67,16,0,2
BRDA:67,16,1,0
BRDA:75,17,0,2
BRDA:75,17,1,0
BRF:38
BRH:3
end_of_record
TN:
SF:src/components/institutional/InstHeader.jsx
FN:9,(anonymous_0)
FN:13,(anonymous_1)
FN:14,(anonymous_2)
FN:18,(anonymous_3)
FNF:4
FNH:3
FNDA:2,(anonymous_0)
FNDA:1,(anonymous_1)
FNDA:0,(anonymous_2)
FNDA:1,(anonymous_3)
DA:9,1
DA:10,2
DA:11,2
DA:13,2
DA:14,1
DA:15,0
DA:17,1
DA:18,1
DA:21,2
LF:9
LH:8
BRDA:26,0,0,0
BRDA:26,0,1,2
BRDA:41,1,0,2
BRDA:41,1,1,0
BRF:4
BRH:2
end_of_record
TN:
SF:src/components/institutional/InstHero.jsx
FN:7,(anonymous_0)
FNF:1
FNH:1
FNDA:2,(anonymous_0)
DA:7,1
DA:8,2
DA:10,2
LF:3
LH:3
BRF:0
BRH:0
end_of_record
TN:
SF:src/components/institutional/InstImpact.jsx
FN:8,(anonymous_0)
FN:55,(anonymous_1)
FNF:2
FNH:1
FNDA:2,(anonymous_0)
FNDA:0,(anonymous_1)
DA:8,1
DA:9,2
DA:10,2
DA:11,2
DA:16,2
DA:18,2
DA:20,2
DA:56,0
LF:8
LH:7
BRDA:18,0,0,2
BRDA:18,0,1,0
BRF:2
BRH:1
end_of_record
TN:
SF:src/components/institutional/InstManifesto.jsx
FN:5,(anonymous_0)
FN:36,(anonymous_1)
FNF:2
FNH:1
FNDA:2,(anonymous_0)
FNDA:0,(anonymous_1)
DA:5,1
DA:6,2
DA:7,2
DA:8,2
DA:13,2
DA:15,2
DA:17,2
DA:37,0
LF:8
LH:7
BRDA:15,0,0,2
BRDA:15,0,1,0
BRF:2
BRH:1
end_of_record
TN:
SF:src/components/institutional/InstOffers.jsx
FN:17,(anonymous_0)
FN:36,(anonymous_1)
FNF:2
FNH:1
FNDA:2,(anonymous_0)
FNDA:0,(anonymous_1)
DA:10,1
DA:17,1
DA:18,2
DA:19,2
DA:21,2
DA:37,0
LF:6
LH:5
BRDA:19,0,0,2
BRDA:19,0,1,0
BRDA:41,1,0,0
BRDA:41,1,1,0
BRDA:42,2,0,0
BRDA:42,2,1,0
BRDA:42,3,0,0
BRDA:42,3,1,0
BRDA:43,4,0,0
BRDA:43,4,1,0
BRDA:59,5,0,0
BRDA:59,5,1,0
BRF:12
BRH:1
end_of_record
TN:
SF:src/components/institutional/InstPartners.jsx
FN:5,(anonymous_0)
FN:44,(anonymous_1)
FNF:2
FNH:2
FNDA:2,(anonymous_0)
FNDA:48,(anonymous_1)
DA:5,1
DA:6,2
DA:7,2
DA:16,2
DA:45,48
LF:5
LH:5
BRDA:55,0,0,48
BRDA:55,0,1,0
BRF:2
BRH:1
end_of_record
TN:
SF:src/components/institutional/InstQuote.jsx
FN:7,(anonymous_0)
FNF:1
FNH:1
FNDA:2,(anonymous_0)
DA:7,1
DA:8,2
DA:10,2
LF:3
LH:3
BRF:0
BRH:0
end_of_record
TN:
SF:src/components/institutional/InstTeam.jsx
FN:7,(anonymous_0)
FN:49,(anonymous_1)
FN:73,(anonymous_2)
FNF:3
FNH:0
FNDA:0,(anonymous_0)
FNDA:0,(anonymous_1)
FNDA:0,(anonymous_2)
DA:7,1
DA:8,0
DA:9,0
DA:11,0
DA:21,0
DA:26,0
DA:50,0
DA:74,0
LF:8
LH:1
BRDA:9,0,0,0
BRDA:9,0,1,0
BRDA:73,1,0,0
BRDA:73,1,1,0
BRF:4
BRH:0
end_of_record
TN:
SF:src/components/ui/Button.jsx
FN:3,(anonymous_0)
FNF:1
FNH:1
FNDA:4,(anonymous_0)
DA:3,1
DA:4,4
DA:6,4
DA:12,4
LF:4
LH:4
BRDA:3,0,0,0
BRDA:3,1,0,0
BRDA:14,2,0,4
BRDA:14,2,1,0
BRF:4
BRH:1
end_of_record
TN:
SF:src/components/ui/LanguageSelector.jsx
FN:33,(anonymous_0)
FN:45,(anonymous_1)
FN:47,(anonymous_2)
FN:48,(anonymous_3)
FN:55,(anonymous_4)
FN:58,(anonymous_5)
FN:66,(anonymous_6)
FN:82,(anonymous_7)
FN:85,(anonymous_8)
FNF:9
FNH:4
FNDA:2,(anonymous_0)
FNDA:4,(anonymous_1)
FNDA:1,(anonymous_2)
FNDA:0,(anonymous_3)
FNDA:1,(anonymous_4)
FNDA:0,(anonymous_5)
FNDA:0,(anonymous_6)
FNDA:0,(anonymous_7)
FNDA:0,(anonymous_8)
DA:6,1
DA:33,1
DA:34,2
DA:35,2
DA:36,2
DA:38,2
DA:40,2
DA:45,4
DA:47,2
DA:48,1
DA:49,0
DA:50,0
DA:54,1
DA:55,1
DA:58,2
DA:59,0
DA:60,0
DA:63,2
DA:66,0
DA:83,0
DA:85,0
LF:21
LH:14
BRDA:45,0,0,2
BRDA:45,0,1,2
BRDA:49,1,0,0
BRDA:49,1,1,0
BRDA:49,2,0,0
BRDA:49,2,1,0
BRDA:70,3,0,0
BRDA:70,3,1,2
BRDA:74,4,0,2
BRDA:74,4,1,0
BRDA:86,5,0,0
BRDA:86,5,1,0
BRDA:89,6,0,0
BRDA:89,6,1,0
BRDA:92,7,0,0
BRDA:92,7,1,0
BRF:16
BRH:4
end_of_record
TN:
SF:src/components/ui/Section.jsx
FN:3,(anonymous_0)
FNF:1
FNH:1
FNDA:10,(anonymous_0)
DA:3,1
DA:4,10
LF:2
LH:2
BRDA:3,0,0,0
BRDA:3,1,0,8
BRF:2
BRH:1
end_of_record
TN:
SF:src/pages/DivisionDetail.jsx
FN:9,(anonymous_0)
FN:68,(anonymous_1)
FN:86,(anonymous_2)
FNF:3
FNH:0
FNDA:0,(anonymous_0)
FNDA:0,(anonymous_1)
FNDA:0,(anonymous_2)
DA:9,1
DA:10,0
DA:11,0
DA:14,0
DA:17,0
DA:18,0
DA:26,0
DA:69,0
DA:87,0
LF:9
LH:1
BRDA:17,0,0,0
BRDA:17,0,1,0
BRDA:17,1,0,0
BRDA:17,1,1,0
BRDA:68,2,0,0
BRDA:68,2,1,0
BRDA:86,3,0,0
BRDA:86,3,1,0
BRF:8
BRH:0
end_of_record
TN:
SF:src/pages/Home.jsx
FN:11,(anonymous_0)
FNF:1
FNH:1
FNDA:2,(anonymous_0)
DA:11,1
DA:12,2
LF:2
LH:2
BRF:0
BRH:0
end_of_record
TN:
SF:src/pages/Team.jsx
FN:5,(anonymous_0)
FN:7,(anonymous_1)
FNF:2
FNH:0
FNDA:0,(anonymous_0)
FNDA:0,(anonymous_1)
DA:5,1
DA:7,0
DA:8,0
DA:11,0
LF:4
LH:1
BRF:0
BRH:0
end_of_record
